2020 七月 15 08  -----=*=----- Logger.java : 44  -----=*=----- No MyBatis mapper was found in '[com.init.index]' package. Please check your configuration.  
2020 七月 15 08  -----=*=----- AopHandle.java : 13  -----=*=----- 执行  
2020 七月 15 08  -----=*=----- AopHandle.java : 13  -----=*=----- 执行  
2020 七月 15 08  -----=*=----- Logger.java : 44  -----=*=----- No MyBatis mapper was found in '[com.init.index]' package. Please check your configuration.  
2020 七月 15 08  -----=*=----- AopHandle.java : 13  -----=*=----- 执行  
2020 七月 15 08  -----=*=----- UserCenter.java : 53  -----=*=----- 收到请求  
2020 七月 15 08  -----=*=----- Logger.java : 44  -----=*=----- No MyBatis mapper was found in '[com.init.index]' package. Please check your configuration.  
2020 七月 15 08  -----=*=----- AopHandle.java : 13  -----=*=----- 执行  
2020 七月 15 08  -----=*=----- UserCenter.java : 54  -----=*=----- 收到请求  
2020 七月 15 09  -----=*=----- AopHandle.java : 13  -----=*=----- 执行  
2020 七月 15 09  -----=*=----- UserCenter.java : 54  -----=*=----- 收到请求  
2020 七月 15 09  -----=*=----- AopHandle.java : 13  -----=*=----- 执行  
2020 七月 15 09  -----=*=----- UserCenter.java : 54  -----=*=----- 收到请求  
2020 七月 15 09  -----=*=----- AopHandle.java : 13  -----=*=----- 执行  
2020 七月 15 09  -----=*=----- UserCenter.java : 54  -----=*=----- 收到请求  
2020 七月 15 09  -----=*=----- Logger.java : 44  -----=*=----- No MyBatis mapper was found in '[com.init.index]' package. Please check your configuration.  
2020 七月 15 09  -----=*=----- AopHandle.java : 13  -----=*=----- 执行  
2020 七月 15 09  -----=*=----- UserCenter.java : 60  -----=*=----- 收到请求  
2020 七月 15 09  -----=*=----- AopHandle.java : 13  -----=*=----- 执行  
2020 七月 15 09  -----=*=----- UserCenter.java : 60  -----=*=----- 收到请求  
2020 七月 15 09  -----=*=----- AopHandle.java : 13  -----=*=----- 执行  
2020 七月 15 09  -----=*=----- UserCenter.java : 60  -----=*=----- 收到请求  
2020 七月 15 09  -----=*=----- AopHandle.java : 13  -----=*=----- 执行  
2020 七月 15 09  -----=*=----- UserCenter.java : 60  -----=*=----- 收到请求  
2020 七月 15 09  -----=*=----- AopHandle.java : 13  -----=*=----- 执行  
2020 七月 15 09  -----=*=----- UserCenter.java : 60  -----=*=----- 收到请求  
2020 七月 15 09  -----=*=----- AopHandle.java : 13  -----=*=----- 执行  
2020 七月 15 09  -----=*=----- UserCenter.java : 60  -----=*=----- 收到请求  
2020 七月 15 09  -----=*=----- AopHandle.java : 13  -----=*=----- 执行  
2020 七月 15 09  -----=*=----- UserCenter.java : 60  -----=*=----- 收到请求  
2020 七月 15 09  -----=*=----- AopHandle.java : 13  -----=*=----- 执行  
2020 七月 15 09  -----=*=----- UserCenter.java : 60  -----=*=----- 收到请求  
2020 七月 15 09  -----=*=----- AopHandle.java : 13  -----=*=----- 执行  
2020 七月 15 09  -----=*=----- UserCenter.java : 60  -----=*=----- 收到请求  
2020 七月 15 09  -----=*=----- AopHandle.java : 13  -----=*=----- 执行  
2020 七月 15 09  -----=*=----- UserCenter.java : 60  -----=*=----- 收到请求  
2020 七月 15 09  -----=*=----- AopHandle.java : 13  -----=*=----- 执行  
2020 七月 15 09  -----=*=----- UserCenter.java : 60  -----=*=----- 收到请求  
2020 七月 15 09  -----=*=----- AopHandle.java : 13  -----=*=----- 执行  
2020 七月 15 09  -----=*=----- UserCenter.java : 60  -----=*=----- 收到请求  
2020 七月 15 09  -----=*=----- AopHandle.java : 13  -----=*=----- 执行  
2020 七月 15 09  -----=*=----- UserCenter.java : 60  -----=*=----- 收到请求  
2020 七月 15 09  -----=*=----- AopHandle.java : 13  -----=*=----- 执行  
2020 七月 15 09  -----=*=----- UserCenter.java : 60  -----=*=----- 收到请求  
2020 七月 15 09  -----=*=----- AopHandle.java : 13  -----=*=----- 执行  
2020 七月 15 09  -----=*=----- UserCenter.java : 60  -----=*=----- 收到请求  
2020 七月 15 09  -----=*=----- AopHandle.java : 13  -----=*=----- 执行  
2020 七月 15 09  -----=*=----- UserCenter.java : 60  -----=*=----- 收到请求  
2020 七月 15 09  -----=*=----- AopHandle.java : 13  -----=*=----- 执行  
2020 七月 15 09  -----=*=----- UserCenter.java : 60  -----=*=----- 收到请求  
2020 七月 15 09  -----=*=----- AopHandle.java : 13  -----=*=----- 执行  
2020 七月 15 09  -----=*=----- UserCenter.java : 60  -----=*=----- 收到请求  
2020 七月 15 09  -----=*=----- AopHandle.java : 13  -----=*=----- 执行  
2020 七月 15 09  -----=*=----- UserCenter.java : 60  -----=*=----- 收到请求  
2020 七月 15 09  -----=*=----- AopHandle.java : 13  -----=*=----- 执行  
2020 七月 15 09  -----=*=----- UserCenter.java : 60  -----=*=----- 收到请求  
2020 七月 15 09  -----=*=----- AopHandle.java : 13  -----=*=----- 执行  
2020 七月 15 09  -----=*=----- UserCenter.java : 60  -----=*=----- 收到请求  
2020 七月 15 09  -----=*=----- AopHandle.java : 13  -----=*=----- 执行  
2020 七月 15 09  -----=*=----- UserCenter.java : 60  -----=*=----- 收到请求  
2020 七月 15 09  -----=*=----- AopHandle.java : 13  -----=*=----- 执行  
2020 七月 15 09  -----=*=----- UserCenter.java : 60  -----=*=----- 收到请求  
2020 七月 15 09  -----=*=----- AopHandle.java : 13  -----=*=----- 执行  
2020 七月 15 09  -----=*=----- UserCenter.java : 60  -----=*=----- 收到请求  
2020 七月 15 09  -----=*=----- AopHandle.java : 13  -----=*=----- 执行  
2020 七月 15 09  -----=*=----- UserCenter.java : 60  -----=*=----- 收到请求  
2020 七月 15 09  -----=*=----- AopHandle.java : 13  -----=*=----- 执行  
2020 七月 15 09  -----=*=----- UserCenter.java : 60  -----=*=----- 收到请求  
2020 七月 15 09  -----=*=----- AopHandle.java : 13  -----=*=----- 执行  
2020 七月 15 09  -----=*=----- UserCenter.java : 60  -----=*=----- 收到请求  
2020 七月 15 09  -----=*=----- AopHandle.java : 13  -----=*=----- 执行  
2020 七月 15 09  -----=*=----- UserCenter.java : 60  -----=*=----- 收到请求  
2020 七月 15 09  -----=*=----- AopHandle.java : 13  -----=*=----- 执行  
2020 七月 15 09  -----=*=----- UserCenter.java : 60  -----=*=----- 收到请求  
2020 七月 15 09  -----=*=----- AopHandle.java : 13  -----=*=----- 执行  
2020 七月 15 09  -----=*=----- UserCenter.java : 60  -----=*=----- 收到请求  
2020 七月 15 09  -----=*=----- AopHandle.java : 13  -----=*=----- 执行  
2020 七月 15 09  -----=*=----- UserCenter.java : 60  -----=*=----- 收到请求  
2020 七月 15 09  -----=*=----- AopHandle.java : 13  -----=*=----- 执行  
2020 七月 15 09  -----=*=----- UserCenter.java : 60  -----=*=----- 收到请求  
2020 七月 15 09  -----=*=----- Logger.java : 44  -----=*=----- No MyBatis mapper was found in '[com.init.index]' package. Please check your configuration.  
2020 七月 15 09  -----=*=----- AopHandle.java : 13  -----=*=----- 执行  
2020 七月 15 09  -----=*=----- AopHandle.java : 13  -----=*=----- 执行  
2020 七月 15 09  -----=*=----- UserCenter.java : 60  -----=*=----- 收到请求  
2020 七月 15 09  -----=*=----- AopHandle.java : 13  -----=*=----- 执行  
2020 七月 15 09  -----=*=----- AopHandle.java : 13  -----=*=----- 执行  
2020 七月 15 09  -----=*=----- AopHandle.java : 13  -----=*=----- 执行  
2020 七月 15 09  -----=*=----- UserCenter.java : 60  -----=*=----- 收到请求  
2020 七月 15 09  -----=*=----- AopHandle.java : 13  -----=*=----- 执行  
2020 七月 15 09  -----=*=----- Logger.java : 44  -----=*=----- No MyBatis mapper was found in '[com.init.index]' package. Please check your configuration.  
2020 七月 15 09  -----=*=----- AopHandle.java : 13  -----=*=----- 执行  
2020 七月 15 09  -----=*=----- AopHandle.java : 13  -----=*=----- 执行  
2020 七月 15 09  -----=*=----- AopHandle.java : 13  -----=*=----- 执行  
2020 七月 15 09  -----=*=----- AopHandle.java : 13  -----=*=----- 执行  
2020 七月 15 09  -----=*=----- UserCenter.java : 63  -----=*=----- 收到请求  
2020 七月 15 09  -----=*=----- AopHandle.java : 13  -----=*=----- 执行  
2020 七月 15 09  -----=*=----- AopHandle.java : 13  -----=*=----- 执行  
2020 七月 15 09  -----=*=----- AopHandle.java : 13  -----=*=----- 执行  
2020 七月 15 09  -----=*=----- AopHandle.java : 13  -----=*=----- 执行  
2020 七月 15 09  -----=*=----- UserCenter.java : 63  -----=*=----- 收到请求  
2020 七月 15 09  -----=*=----- AopHandle.java : 13  -----=*=----- 执行  
2020 七月 15 09  -----=*=----- AopHandle.java : 13  -----=*=----- 执行  
2020 七月 15 09  -----=*=----- UserCenter.java : 63  -----=*=----- 收到请求  
2020 七月 15 09  -----=*=----- AopHandle.java : 13  -----=*=----- 执行  
2020 七月 15 09  -----=*=----- AopHandle.java : 13  -----=*=----- 执行  
2020 七月 15 09  -----=*=----- UserCenter.java : 63  -----=*=----- 收到请求  
2020 七月 15 09  -----=*=----- AopHandle.java : 13  -----=*=----- 执行  
2020 七月 15 09  -----=*=----- UserCenter.java : 63  -----=*=----- 收到请求  
2020 七月 15 09  -----=*=----- AopHandle.java : 13  -----=*=----- 执行  
2020 七月 15 09  -----=*=----- UserCenter.java : 63  -----=*=----- 收到请求  
2020 七月 15 09  -----=*=----- AopHandle.java : 13  -----=*=----- 执行  
2020 七月 15 09  -----=*=----- UserCenter.java : 63  -----=*=----- 收到请求  
2020 七月 15 09  -----=*=----- AopHandle.java : 13  -----=*=----- 执行  
2020 七月 15 09  -----=*=----- UserCenter.java : 63  -----=*=----- 收到请求  
2020 七月 15 09  -----=*=----- AopHandle.java : 13  -----=*=----- 执行  
2020 七月 15 09  -----=*=----- UserCenter.java : 63  -----=*=----- 收到请求  
2020 七月 15 09  -----=*=----- AopHandle.java : 13  -----=*=----- 执行  
2020 七月 15 09  -----=*=----- UserCenter.java : 63  -----=*=----- 收到请求  
2020 七月 15 10  -----=*=----- AopHandle.java : 13  -----=*=----- 执行  
2020 七月 15 10  -----=*=----- UserCenter.java : 63  -----=*=----- 收到请求  
2020 七月 15 10  -----=*=----- AopHandle.java : 13  -----=*=----- 执行  
2020 七月 15 10  -----=*=----- UserCenter.java : 63  -----=*=----- 收到请求  
2020 七月 15 10  -----=*=----- AopHandle.java : 13  -----=*=----- 执行  
2020 七月 15 10  -----=*=----- UserCenter.java : 63  -----=*=----- 收到请求  
2020 七月 15 10  -----=*=----- AopHandle.java : 13  -----=*=----- 执行  
2020 七月 15 10  -----=*=----- UserCenter.java : 63  -----=*=----- 收到请求  
2020 七月 15 10  -----=*=----- AopHandle.java : 13  -----=*=----- 执行  
2020 七月 15 10  -----=*=----- UserCenter.java : 63  -----=*=----- 收到请求  
2020 七月 15 10  -----=*=----- AopHandle.java : 13  -----=*=----- 执行  
2020 七月 15 10  -----=*=----- UserCenter.java : 63  -----=*=----- 收到请求  
2020 七月 15 10  -----=*=----- AopHandle.java : 13  -----=*=----- 执行  
2020 七月 15 10  -----=*=----- AopHandle.java : 13  -----=*=----- 执行  
2020 七月 15 10  -----=*=----- UserCenter.java : 63  -----=*=----- 收到请求  
2020 七月 15 10  -----=*=----- AopHandle.java : 13  -----=*=----- 执行  
2020 七月 15 10  -----=*=----- UserCenter.java : 63  -----=*=----- 收到请求  
2020 七月 15 10  -----=*=----- AopHandle.java : 13  -----=*=----- 执行  
2020 七月 15 10  -----=*=----- UserCenter.java : 63  -----=*=----- 收到请求  
2020 七月 15 10  -----=*=----- Logger.java : 44  -----=*=----- No MyBatis mapper was found in '[com.init.index]' package. Please check your configuration.  
2020 七月 15 10  -----=*=----- AopHandle.java : 13  -----=*=----- 执行  
2020 七月 15 10  -----=*=----- UserCenter.java : 60  -----=*=----- 收到请求  
2020 七月 15 10  -----=*=----- AopHandle.java : 13  -----=*=----- 执行  
2020 七月 15 10  -----=*=----- Logger.java : 44  -----=*=----- No MyBatis mapper was found in '[com.init.index]' package. Please check your configuration.  
2020 七月 15 10  -----=*=----- AopHandle.java : 13  -----=*=----- 执行  
2020 七月 15 10  -----=*=----- AopHandle.java : 13  -----=*=----- 执行  
2020 七月 15 10  -----=*=----- Logger.java : 44  -----=*=----- No MyBatis mapper was found in '[com.init.index]' package. Please check your configuration.  
2020 七月 15 10  -----=*=----- AopHandle.java : 13  -----=*=----- 执行  
2020 七月 15 10  -----=*=----- AopHandle.java : 13  -----=*=----- 执行  
2020 七月 15 10  -----=*=----- AopHandle.java : 13  -----=*=----- 执行  
2020 七月 15 10  -----=*=----- AopHandle.java : 13  -----=*=----- 执行  
2020 七月 15 10  -----=*=----- AopHandle.java : 13  -----=*=----- 执行  
2020 七月 15 10  -----=*=----- AopHandle.java : 13  -----=*=----- 执行  
2020 七月 15 10  -----=*=----- AopHandle.java : 13  -----=*=----- 执行  
2020 七月 15 10  -----=*=----- AopHandle.java : 13  -----=*=----- 执行  
2020 七月 15 10  -----=*=----- AopHandle.java : 13  -----=*=----- 执行  
2020 七月 15 10  -----=*=----- AopHandle.java : 13  -----=*=----- 执行  
2020 七月 15 10  -----=*=----- AopHandle.java : 13  -----=*=----- 执行  
2020 七月 15 10  -----=*=----- AopHandle.java : 13  -----=*=----- 执行  
2020 七月 15 10  -----=*=----- AopHandle.java : 13  -----=*=----- 执行  
2020 七月 15 10  -----=*=----- AopHandle.java : 13  -----=*=----- 执行  
2020 七月 15 10  -----=*=----- AopHandle.java : 13  -----=*=----- 执行  
2020 七月 15 10  -----=*=----- AopHandle.java : 13  -----=*=----- 执行  
2020 七月 15 10  -----=*=----- AopHandle.java : 13  -----=*=----- 执行  
2020 七月 15 10  -----=*=----- AopHandle.java : 13  -----=*=----- 执行  
2020 七月 15 10  -----=*=----- AopHandle.java : 13  -----=*=----- 执行  
2020 七月 15 10  -----=*=----- AopHandle.java : 13  -----=*=----- 执行  
2020 七月 15 10  -----=*=----- AopHandle.java : 13  -----=*=----- 执行  
2020 七月 15 10  -----=*=----- AopHandle.java : 13  -----=*=----- 执行  
2020 七月 15 10  -----=*=----- AopHandle.java : 13  -----=*=----- 执行  
2020 七月 15 10  -----=*=----- AopHandle.java : 13  -----=*=----- 执行  
2020 七月 15 10  -----=*=----- AopHandle.java : 13  -----=*=----- 执行  
2020 七月 15 10  -----=*=----- AopHandle.java : 13  -----=*=----- 执行  
2020 七月 15 10  -----=*=----- AopHandle.java : 13  -----=*=----- 执行  
2020 七月 15 10  -----=*=----- AopHandle.java : 13  -----=*=----- 执行  
2020 七月 15 10  -----=*=----- AopHandle.java : 13  -----=*=----- 执行  
2020 七月 15 10  -----=*=----- AopHandle.java : 13  -----=*=----- 执行  
2020 七月 15 10  -----=*=----- AopHandle.java : 13  -----=*=----- 执行  
2020 七月 15 10  -----=*=----- AopHandle.java : 13  -----=*=----- 执行  
2020 七月 15 10  -----=*=----- AopHandle.java : 13  -----=*=----- 执行  
2020 七月 15 10  -----=*=----- AopHandle.java : 13  -----=*=----- 执行  
2020 七月 15 10  -----=*=----- AopHandle.java : 13  -----=*=----- 执行  
2020 七月 15 10  -----=*=----- AopHandle.java : 13  -----=*=----- 执行  
2020 七月 15 10  -----=*=----- AopHandle.java : 13  -----=*=----- 执行  
2020 七月 15 11  -----=*=----- AopHandle.java : 13  -----=*=----- 执行  
2020 七月 15 11  -----=*=----- AopHandle.java : 13  -----=*=----- 执行  
2020 七月 15 11  -----=*=----- AopHandle.java : 13  -----=*=----- 执行  
2020 七月 15 11  -----=*=----- AopHandle.java : 13  -----=*=----- 执行  
2020 七月 15 11  -----=*=----- AopHandle.java : 13  -----=*=----- 执行  
2020 七月 15 11  -----=*=----- AopHandle.java : 13  -----=*=----- 执行  
2020 七月 15 11  -----=*=----- AopHandle.java : 13  -----=*=----- 执行  
2020 七月 15 11  -----=*=----- AopHandle.java : 13  -----=*=----- 执行  
2020 七月 15 11  -----=*=----- AopHandle.java : 13  -----=*=----- 执行  
2020 七月 15 11  -----=*=----- AopHandle.java : 13  -----=*=----- 执行  
2020 七月 15 11  -----=*=----- AopHandle.java : 13  -----=*=----- 执行  
2020 七月 15 11  -----=*=----- AopHandle.java : 13  -----=*=----- 执行  
2020 七月 15 11  -----=*=----- AopHandle.java : 13  -----=*=----- 执行  
2020 七月 15 11  -----=*=----- AopHandle.java : 13  -----=*=----- 执行  
2020 七月 15 11  -----=*=----- AopHandle.java : 13  -----=*=----- 执行  
2020 七月 15 11  -----=*=----- AopHandle.java : 13  -----=*=----- 执行  
2020 七月 15 11  -----=*=----- AopHandle.java : 13  -----=*=----- 执行  
2020 七月 15 11  -----=*=----- AopHandle.java : 13  -----=*=----- 执行  
2020 七月 15 11  -----=*=----- AopHandle.java : 13  -----=*=----- 执行  
2020 七月 15 11  -----=*=----- AopHandle.java : 13  -----=*=----- 执行  
2020 七月 15 11  -----=*=----- AopHandle.java : 13  -----=*=----- 执行  
2020 七月 15 11  -----=*=----- AopHandle.java : 13  -----=*=----- 执行  
2020 七月 15 11  -----=*=----- AopHandle.java : 13  -----=*=----- 执行  
2020 七月 15 11  -----=*=----- AopHandle.java : 13  -----=*=----- 执行  
2020 七月 15 11  -----=*=----- AopHandle.java : 13  -----=*=----- 执行  
2020 七月 15 11  -----=*=----- AopHandle.java : 13  -----=*=----- 执行  
2020 七月 15 11  -----=*=----- AopHandle.java : 13  -----=*=----- 执行  
2020 七月 15 11  -----=*=----- AopHandle.java : 13  -----=*=----- 执行  
2020 七月 15 11  -----=*=----- AopHandle.java : 13  -----=*=----- 执行  
2020 七月 15 11  -----=*=----- AopHandle.java : 13  -----=*=----- 执行  
2020 七月 15 11  -----=*=----- AopHandle.java : 13  -----=*=----- 执行  
2020 七月 15 11  -----=*=----- AopHandle.java : 13  -----=*=----- 执行  
2020 七月 15 11  -----=*=----- AopHandle.java : 13  -----=*=----- 执行  
2020 七月 15 11  -----=*=----- AopHandle.java : 13  -----=*=----- 执行  
2020 七月 15 11  -----=*=----- AopHandle.java : 13  -----=*=----- 执行  
2020 七月 15 11  -----=*=----- AopHandle.java : 13  -----=*=----- 执行  
2020 七月 15 11  -----=*=----- AopHandle.java : 13  -----=*=----- 执行  
2020 七月 15 11  -----=*=----- AopHandle.java : 13  -----=*=----- 执行  
2020 七月 15 11  -----=*=----- AopHandle.java : 13  -----=*=----- 执行  
2020 七月 15 11  -----=*=----- AopHandle.java : 13  -----=*=----- 执行  
2020 七月 15 11  -----=*=----- AopHandle.java : 13  -----=*=----- 执行  
2020 七月 15 11  -----=*=----- AopHandle.java : 13  -----=*=----- 执行  
2020 七月 15 11  -----=*=----- AopHandle.java : 13  -----=*=----- 执行  
2020 七月 15 11  -----=*=----- AopHandle.java : 13  -----=*=----- 执行  
2020 七月 15 11  -----=*=----- AopHandle.java : 13  -----=*=----- 执行  
2020 七月 15 11  -----=*=----- AopHandle.java : 13  -----=*=----- 执行  
2020 七月 15 11  -----=*=----- AopHandle.java : 13  -----=*=----- 执行  
2020 七月 15 11  -----=*=----- AopHandle.java : 13  -----=*=----- 执行  
2020 七月 15 11  -----=*=----- AopHandle.java : 13  -----=*=----- 执行  
2020 七月 15 13  -----=*=----- Logger.java : 44  -----=*=----- No MyBatis mapper was found in '[com.init.index]' package. Please check your configuration.  
2020 七月 15 13  -----=*=----- AopHandle.java : 13  -----=*=----- 执行  
2020 七月 15 13  -----=*=----- AopHandle.java : 13  -----=*=----- 执行  
2020 七月 15 13  -----=*=----- DirectJDKLog.java : 175  -----=*=----- Servlet.service() for servlet [dispatcherServlet] in context with path [] threw exception [Request processing failed; nested exception is org.springframework.dao.DuplicateKeyException: 
### Error updating database.  Cause: java.sql.SQLIntegrityConstraintViolationException: Duplicate entry '12' for key 'PRIMARY'
### The error may exist in com/init/index/mapper/iWeblistMapper.java (best guess)
### The error may involve com.init.index.mapper.iWeblistMapper.insert-Inline
### The error occurred while setting parameters
### SQL: INSERT INTO weblist  ( id, icon, tips, tipsTitle, name, href )  VALUES  ( ?, ?, ?, ?, ?, ? )
### Cause: java.sql.SQLIntegrityConstraintViolationException: Duplicate entry '12' for key 'PRIMARY'
; Duplicate entry '12' for key 'PRIMARY'; nested exception is java.sql.SQLIntegrityConstraintViolationException: Duplicate entry '12' for key 'PRIMARY'] with root cause  
java.sql.SQLIntegrityConstraintViolationException: Duplicate entry '12' for key 'PRIMARY'
	at com.mysql.cj.jdbc.exceptions.SQLError.createSQLException(SQLError.java:117)
	at com.mysql.cj.jdbc.exceptions.SQLError.createSQLException(SQLError.java:97)
	at com.mysql.cj.jdbc.exceptions.SQLExceptionsMapping.translateException(SQLExceptionsMapping.java:122)
	at com.mysql.cj.jdbc.ClientPreparedStatement.executeInternal(ClientPreparedStatement.java:953)
	at com.mysql.cj.jdbc.ClientPreparedStatement.execute(ClientPreparedStatement.java:370)
	at com.alibaba.druid.pool.DruidPooledPreparedStatement.execute(DruidPooledPreparedStatement.java:498)
	at org.apache.ibatis.executor.statement.PreparedStatementHandler.update(PreparedStatementHandler.java:47)
	at org.apache.ibatis.executor.statement.RoutingStatementHandler.update(RoutingStatementHandler.java:74)
	at com.baomidou.mybatisplus.core.executor.MybatisSimpleExecutor.doUpdate(MybatisSimpleExecutor.java:54)
	at org.apache.ibatis.executor.BaseExecutor.update(BaseExecutor.java:117)
	at com.baomidou.mybatisplus.core.executor.MybatisCachingExecutor.update(MybatisCachingExecutor.java:83)
	at sun.reflect.NativeMethodAccessorImpl.invoke0(Native Method)
	at sun.reflect.NativeMethodAccessorImpl.invoke(NativeMethodAccessorImpl.java:62)
	at sun.reflect.DelegatingMethodAccessorImpl.__invoke(DelegatingMethodAccessorImpl.java:43)
	at sun.reflect.DelegatingMethodAccessorImpl.invoke(DelegatingMethodAccessorImpl.java:45009)
	at sun.reflect.DelegatingMethodAccessorImpl.invoke(DelegatingMethodAccessorImpl.java:45012)
	at java.lang.reflect.Method.invoke(Method.java:498)
	at org.apache.ibatis.plugin.Plugin.invoke(Plugin.java:63)
	at com.sun.proxy.$Proxy100.update(Unknown Source)
	at org.apache.ibatis.session.defaults.DefaultSqlSession.update(DefaultSqlSession.java:197)
	at org.apache.ibatis.session.defaults.DefaultSqlSession.insert(DefaultSqlSession.java:184)
	at sun.reflect.NativeMethodAccessorImpl.invoke0(Native Method)
	at sun.reflect.NativeMethodAccessorImpl.invoke(NativeMethodAccessorImpl.java:62)
	at sun.reflect.DelegatingMethodAccessorImpl.__invoke(DelegatingMethodAccessorImpl.java:43)
	at sun.reflect.DelegatingMethodAccessorImpl.invoke(DelegatingMethodAccessorImpl.java:45009)
	at sun.reflect.DelegatingMethodAccessorImpl.invoke(DelegatingMethodAccessorImpl.java:45012)
	at java.lang.reflect.Method.invoke(Method.java:498)
	at org.mybatis.spring.SqlSessionTemplate$SqlSessionInterceptor.invoke(SqlSessionTemplate.java:426)
	at com.sun.proxy.$Proxy71.insert(Unknown Source)
	at org.mybatis.spring.SqlSessionTemplate.insert(SqlSessionTemplate.java:271)
	at com.baomidou.mybatisplus.core.override.MybatisMapperMethod.execute(MybatisMapperMethod.java:60)
	at com.baomidou.mybatisplus.core.override.MybatisMapperProxy.invoke(MybatisMapperProxy.java:96)
	at com.sun.proxy.$Proxy82.insert(Unknown Source)
	at sun.reflect.NativeMethodAccessorImpl.invoke0(Native Method)
	at sun.reflect.NativeMethodAccessorImpl.invoke(NativeMethodAccessorImpl.java:62)
	at sun.reflect.DelegatingMethodAccessorImpl.__invoke(DelegatingMethodAccessorImpl.java:43)
	at sun.reflect.DelegatingMethodAccessorImpl.invoke(DelegatingMethodAccessorImpl.java:45009)
	at sun.reflect.DelegatingMethodAccessorImpl.invoke(DelegatingMethodAccessorImpl.java:45012)
	at java.lang.reflect.Method.invoke(Method.java:498)
	at org.springframework.aop.support.AopUtils.invokeJoinpointUsingReflection(AopUtils.java:344)
	at org.springframework.aop.framework.ReflectiveMethodInvocation.invokeJoinpoint(ReflectiveMethodInvocation.java:198)
	at org.springframework.aop.framework.ReflectiveMethodInvocation.proceed(ReflectiveMethodInvocation.java:163)
	at org.springframework.dao.support.PersistenceExceptionTranslationInterceptor.invoke(PersistenceExceptionTranslationInterceptor.java:139)
	at org.springframework.aop.framework.ReflectiveMethodInvocation.proceed(ReflectiveMethodInvocation.java:186)
	at org.springframework.aop.framework.JdkDynamicAopProxy.invoke(JdkDynamicAopProxy.java:212)
	at com.sun.proxy.$Proxy83.insert(Unknown Source)
	at com.init.index.module.user.center.UserCenter.addWeblist(UserCenter.java:76)
	at com.init.index.module.user.center.UserCenter$$FastClassBySpringCGLIB$$9e76518b.invoke(<generated>)
	at org.springframework.cglib.proxy.MethodProxy.invoke(MethodProxy.java:218)
	at org.springframework.aop.framework.CglibAopProxy$CglibMethodInvocation.invokeJoinpoint(CglibAopProxy.java:769)
	at org.springframework.aop.framework.ReflectiveMethodInvocation.proceed(ReflectiveMethodInvocation.java:163)
	at org.springframework.aop.framework.CglibAopProxy$CglibMethodInvocation.proceed(CglibAopProxy.java:747)
	at org.springframework.aop.framework.adapter.MethodBeforeAdviceInterceptor.invoke(MethodBeforeAdviceInterceptor.java:56)
	at org.springframework.aop.framework.ReflectiveMethodInvocation.proceed(ReflectiveMethodInvocation.java:186)
	at org.springframework.aop.framework.CglibAopProxy$CglibMethodInvocation.proceed(CglibAopProxy.java:747)
	at org.springframework.aop.interceptor.ExposeInvocationInterceptor.invoke(ExposeInvocationInterceptor.java:95)
	at org.springframework.aop.framework.ReflectiveMethodInvocation.proceed(ReflectiveMethodInvocation.java:186)
	at org.springframework.aop.framework.CglibAopProxy$CglibMethodInvocation.proceed(CglibAopProxy.java:747)
	at org.springframework.aop.framework.CglibAopProxy$DynamicAdvisedInterceptor.intercept(CglibAopProxy.java:689)
	at com.init.index.module.user.center.UserCenter$$EnhancerBySpringCGLIB$$7ce736b2.addWeblist(<generated>)
	at sun.reflect.NativeMethodAccessorImpl.invoke0(Native Method)
	at sun.reflect.NativeMethodAccessorImpl.invoke(NativeMethodAccessorImpl.java:62)
	at sun.reflect.DelegatingMethodAccessorImpl.__invoke(DelegatingMethodAccessorImpl.java:43)
	at sun.reflect.DelegatingMethodAccessorImpl.invoke(DelegatingMethodAccessorImpl.java:45009)
	at sun.reflect.DelegatingMethodAccessorImpl.invoke(DelegatingMethodAccessorImpl.java:45012)
	at java.lang.reflect.Method.invoke(Method.java:498)
	at org.springframework.web.method.support.InvocableHandlerMethod.doInvoke(InvocableHandlerMethod.java:190)
	at org.springframework.web.method.support.InvocableHandlerMethod.invokeForRequest(InvocableHandlerMethod.java:138)
	at org.springframework.web.servlet.mvc.method.annotation.ServletInvocableHandlerMethod.invokeAndHandle(ServletInvocableHandlerMethod.java:105)
	at org.springframework.web.servlet.mvc.method.annotation.RequestMappingHandlerAdapter.invokeHandlerMethod(RequestMappingHandlerAdapter.java:879)
	at org.springframework.web.servlet.mvc.method.annotation.RequestMappingHandlerAdapter.handleInternal(RequestMappingHandlerAdapter.java:793)
	at org.springframework.web.servlet.mvc.method.AbstractHandlerMethodAdapter.handle(AbstractHandlerMethodAdapter.java:87)
	at org.springframework.web.servlet.DispatcherServlet.doDispatch(DispatcherServlet.java:1040)
	at org.springframework.web.servlet.DispatcherServlet.doService(DispatcherServlet.java:943)
	at org.springframework.web.servlet.FrameworkServlet.processRequest(FrameworkServlet.java:1006)
	at org.springframework.web.servlet.FrameworkServlet.doGet(FrameworkServlet.java:898)
	at javax.servlet.http.HttpServlet.service(HttpServlet.java:634)
	at org.springframework.web.servlet.FrameworkServlet.service(FrameworkServlet.java:883)
	at javax.servlet.http.HttpServlet.service(HttpServlet.java:741)
	at org.apache.catalina.core.ApplicationFilterChain.internalDoFilter(ApplicationFilterChain.java:231)
	at org.apache.catalina.core.ApplicationFilterChain.doFilter(ApplicationFilterChain.java:166)
	at org.apache.tomcat.websocket.server.WsFilter.doFilter(WsFilter.java:53)
	at org.apache.catalina.core.ApplicationFilterChain.internalDoFilter(ApplicationFilterChain.java:193)
	at org.apache.catalina.core.ApplicationFilterChain.doFilter(ApplicationFilterChain.java:166)
	at com.alibaba.druid.support.http.WebStatFilter.doFilter(WebStatFilter.java:123)
	at org.apache.catalina.core.ApplicationFilterChain.internalDoFilter(ApplicationFilterChain.java:193)
	at org.apache.catalina.core.ApplicationFilterChain.doFilter(ApplicationFilterChain.java:166)
	at org.springframework.web.filter.RequestContextFilter.doFilterInternal(RequestContextFilter.java:100)
	at org.springframework.web.filter.OncePerRequestFilter.doFilter(OncePerRequestFilter.java:119)
	at org.apache.catalina.core.ApplicationFilterChain.internalDoFilter(ApplicationFilterChain.java:193)
	at org.apache.catalina.core.ApplicationFilterChain.doFilter(ApplicationFilterChain.java:166)
	at org.springframework.web.filter.FormContentFilter.doFilterInternal(FormContentFilter.java:93)
	at org.springframework.web.filter.OncePerRequestFilter.doFilter(OncePerRequestFilter.java:119)
	at org.apache.catalina.core.ApplicationFilterChain.internalDoFilter(ApplicationFilterChain.java:193)
	at org.apache.catalina.core.ApplicationFilterChain.doFilter(ApplicationFilterChain.java:166)
	at org.springframework.web.filter.CharacterEncodingFilter.doFilterInternal(CharacterEncodingFilter.java:201)
	at org.springframework.web.filter.OncePerRequestFilter.doFilter(OncePerRequestFilter.java:119)
	at org.apache.catalina.core.ApplicationFilterChain.internalDoFilter(ApplicationFilterChain.java:193)
	at org.apache.catalina.core.ApplicationFilterChain.doFilter(ApplicationFilterChain.java:166)
	at org.apache.catalina.core.StandardWrapperValve.invoke(StandardWrapperValve.java:202)
	at org.apache.catalina.core.StandardContextValve.__invoke(StandardContextValve.java:96)
	at org.apache.catalina.core.StandardContextValve.invoke(StandardContextValve.java:41002)
	at org.apache.catalina.authenticator.AuthenticatorBase.invoke(AuthenticatorBase.java:541)
	at org.apache.catalina.core.StandardHostValve.invoke(StandardHostValve.java:139)
	at org.apache.catalina.valves.ErrorReportValve.invoke(ErrorReportValve.java:92)
	at org.apache.catalina.core.StandardEngineValve.invoke(StandardEngineValve.java:74)
	at org.apache.catalina.connector.CoyoteAdapter.service(CoyoteAdapter.java:343)
	at org.apache.coyote.http11.Http11Processor.service(Http11Processor.java:373)
	at org.apache.coyote.AbstractProcessorLight.process(AbstractProcessorLight.java:65)
	at org.apache.coyote.AbstractProtocol$ConnectionHandler.process(AbstractProtocol.java:868)
	at org.apache.tomcat.util.net.NioEndpoint$SocketProcessor.doRun(NioEndpoint.java:1590)
	at org.apache.tomcat.util.net.SocketProcessorBase.run(SocketProcessorBase.java:49)
	at java.util.concurrent.ThreadPoolExecutor.runWorker(ThreadPoolExecutor.java:1149)
	at java.util.concurrent.ThreadPoolExecutor$Worker.run(ThreadPoolExecutor.java:624)
	at org.apache.tomcat.util.threads.TaskThread$WrappingRunnable.run(TaskThread.java:61)
	at java.lang.Thread.run(Thread.java:748)
2020 七月 15 13  -----=*=----- AopHandle.java : 13  -----=*=----- 执行  
2020 七月 15 13  -----=*=----- AopHandle.java : 13  -----=*=----- 执行  
2020 七月 15 13  -----=*=----- AopHandle.java : 13  -----=*=----- 执行  
2020 七月 15 13  -----=*=----- AopHandle.java : 13  -----=*=----- 执行  
2020 七月 15 13  -----=*=----- AopHandle.java : 13  -----=*=----- 执行  
2020 七月 15 13  -----=*=----- AopHandle.java : 13  -----=*=----- 执行  
2020 七月 15 13  -----=*=----- AopHandle.java : 13  -----=*=----- 执行  
2020 七月 15 13  -----=*=----- AopHandle.java : 13  -----=*=----- 执行  
2020 七月 15 13  -----=*=----- AopHandle.java : 13  -----=*=----- 执行  
2020 七月 15 13  -----=*=----- AopHandle.java : 13  -----=*=----- 执行  
2020 七月 15 13  -----=*=----- AopHandle.java : 13  -----=*=----- 执行  
2020 七月 15 13  -----=*=----- AopHandle.java : 13  -----=*=----- 执行  
2020 七月 15 13  -----=*=----- AopHandle.java : 13  -----=*=----- 执行  
2020 七月 15 13  -----=*=----- AopHandle.java : 13  -----=*=----- 执行  
2020 七月 15 13  -----=*=----- AopHandle.java : 13  -----=*=----- 执行  
2020 七月 15 13  -----=*=----- AopHandle.java : 13  -----=*=----- 执行  
2020 七月 15 13  -----=*=----- AopHandle.java : 13  -----=*=----- 执行  
2020 七月 15 13  -----=*=----- AopHandle.java : 13  -----=*=----- 执行  
2020 七月 15 13  -----=*=----- AopHandle.java : 13  -----=*=----- 执行  
2020 七月 15 13  -----=*=----- AopHandle.java : 13  -----=*=----- 执行  
2020 七月 15 13  -----=*=----- AopHandle.java : 13  -----=*=----- 执行  
2020 七月 15 13  -----=*=----- AopHandle.java : 13  -----=*=----- 执行  
2020 七月 15 13  -----=*=----- AopHandle.java : 13  -----=*=----- 执行  
2020 七月 15 13  -----=*=----- AopHandle.java : 13  -----=*=----- 执行  
2020 七月 15 13  -----=*=----- AopHandle.java : 13  -----=*=----- 执行  
2020 七月 15 13  -----=*=----- AopHandle.java : 13  -----=*=----- 执行  
2020 七月 15 13  -----=*=----- AopHandle.java : 13  -----=*=----- 执行  
2020 七月 15 13  -----=*=----- AopHandle.java : 13  -----=*=----- 执行  
2020 七月 15 13  -----=*=----- AopHandle.java : 13  -----=*=----- 执行  
2020 七月 15 13  -----=*=----- AopHandle.java : 13  -----=*=----- 执行  
2020 七月 15 13  -----=*=----- AopHandle.java : 13  -----=*=----- 执行  
2020 七月 15 13  -----=*=----- AopHandle.java : 13  -----=*=----- 执行  
2020 七月 15 13  -----=*=----- DirectJDKLog.java : 175  -----=*=----- Servlet.service() for servlet [dispatcherServlet] in context with path [] threw exception [Request processing failed; nested exception is org.springframework.jdbc.BadSqlGrammarException: 
### Error updating database.  Cause: java.sql.SQLSyntaxErrorException: You have an error in your SQL syntax; check the manual that corresponds to your MySQL server version for the right syntax to use near 'WHERE (id = 0)' at line 3
### The error may exist in com/init/index/mapper/iWeblistMapper.java (best guess)
### The error may involve com.init.index.mapper.iWeblistMapper.update-Inline
### The error occurred while setting parameters
### SQL: UPDATE weblist        WHERE (id = ?)
### Cause: java.sql.SQLSyntaxErrorException: You have an error in your SQL syntax; check the manual that corresponds to your MySQL server version for the right syntax to use near 'WHERE (id = 0)' at line 3
; bad SQL grammar []; nested exception is java.sql.SQLSyntaxErrorException: You have an error in your SQL syntax; check the manual that corresponds to your MySQL server version for the right syntax to use near 'WHERE (id = 0)' at line 3] with root cause  
java.sql.SQLSyntaxErrorException: You have an error in your SQL syntax; check the manual that corresponds to your MySQL server version for the right syntax to use near 'WHERE (id = 0)' at line 3
	at com.mysql.cj.jdbc.exceptions.SQLError.createSQLException(SQLError.java:120)
	at com.mysql.cj.jdbc.exceptions.SQLError.createSQLException(SQLError.java:97)
	at com.mysql.cj.jdbc.exceptions.SQLExceptionsMapping.translateException(SQLExceptionsMapping.java:122)
	at com.mysql.cj.jdbc.ClientPreparedStatement.executeInternal(ClientPreparedStatement.java:953)
	at com.mysql.cj.jdbc.ClientPreparedStatement.execute(ClientPreparedStatement.java:370)
	at com.alibaba.druid.pool.DruidPooledPreparedStatement.execute(DruidPooledPreparedStatement.java:498)
	at org.apache.ibatis.executor.statement.PreparedStatementHandler.update(PreparedStatementHandler.java:47)
	at org.apache.ibatis.executor.statement.RoutingStatementHandler.update(RoutingStatementHandler.java:74)
	at com.baomidou.mybatisplus.core.executor.MybatisSimpleExecutor.doUpdate(MybatisSimpleExecutor.java:54)
	at org.apache.ibatis.executor.BaseExecutor.update(BaseExecutor.java:117)
	at com.baomidou.mybatisplus.core.executor.MybatisCachingExecutor.update(MybatisCachingExecutor.java:83)
	at sun.reflect.NativeMethodAccessorImpl.invoke0(Native Method)
	at sun.reflect.NativeMethodAccessorImpl.invoke(NativeMethodAccessorImpl.java:62)
	at sun.reflect.DelegatingMethodAccessorImpl.__invoke(DelegatingMethodAccessorImpl.java:43)
	at sun.reflect.DelegatingMethodAccessorImpl.invoke(DelegatingMethodAccessorImpl.java:45009)
	at sun.reflect.DelegatingMethodAccessorImpl.invoke(DelegatingMethodAccessorImpl.java:45012)
	at java.lang.reflect.Method.invoke(Method.java:498)
	at org.apache.ibatis.plugin.Plugin.invoke(Plugin.java:63)
	at com.sun.proxy.$Proxy100.update(Unknown Source)
	at org.apache.ibatis.session.defaults.DefaultSqlSession.update(DefaultSqlSession.java:197)
	at sun.reflect.NativeMethodAccessorImpl.invoke0(Native Method)
	at sun.reflect.NativeMethodAccessorImpl.invoke(NativeMethodAccessorImpl.java:62)
	at sun.reflect.DelegatingMethodAccessorImpl.__invoke(DelegatingMethodAccessorImpl.java:43)
	at sun.reflect.DelegatingMethodAccessorImpl.invoke(DelegatingMethodAccessorImpl.java:45009)
	at sun.reflect.DelegatingMethodAccessorImpl.invoke(DelegatingMethodAccessorImpl.java:45012)
	at java.lang.reflect.Method.invoke(Method.java:498)
	at org.mybatis.spring.SqlSessionTemplate$SqlSessionInterceptor.invoke(SqlSessionTemplate.java:426)
	at com.sun.proxy.$Proxy71.update(Unknown Source)
	at org.mybatis.spring.SqlSessionTemplate.update(SqlSessionTemplate.java:287)
	at com.baomidou.mybatisplus.core.override.MybatisMapperMethod.execute(MybatisMapperMethod.java:65)
	at com.baomidou.mybatisplus.core.override.MybatisMapperProxy.invoke(MybatisMapperProxy.java:96)
	at com.sun.proxy.$Proxy82.update(Unknown Source)
	at sun.reflect.NativeMethodAccessorImpl.invoke0(Native Method)
	at sun.reflect.NativeMethodAccessorImpl.invoke(NativeMethodAccessorImpl.java:62)
	at sun.reflect.DelegatingMethodAccessorImpl.__invoke(DelegatingMethodAccessorImpl.java:43)
	at sun.reflect.DelegatingMethodAccessorImpl.invoke(DelegatingMethodAccessorImpl.java:45009)
	at sun.reflect.DelegatingMethodAccessorImpl.invoke(DelegatingMethodAccessorImpl.java:45012)
	at java.lang.reflect.Method.invoke(Method.java:498)
	at org.springframework.aop.support.AopUtils.invokeJoinpointUsingReflection(AopUtils.java:344)
	at org.springframework.aop.framework.ReflectiveMethodInvocation.invokeJoinpoint(ReflectiveMethodInvocation.java:198)
	at org.springframework.aop.framework.ReflectiveMethodInvocation.proceed(ReflectiveMethodInvocation.java:163)
	at org.springframework.dao.support.PersistenceExceptionTranslationInterceptor.invoke(PersistenceExceptionTranslationInterceptor.java:139)
	at org.springframework.aop.framework.ReflectiveMethodInvocation.proceed(ReflectiveMethodInvocation.java:186)
	at org.springframework.aop.framework.JdkDynamicAopProxy.invoke(JdkDynamicAopProxy.java:212)
	at com.sun.proxy.$Proxy83.update(Unknown Source)
	at com.init.index.module.user.center.UserCenter.updateWebList(UserCenter.java:108)
	at com.init.index.module.user.center.UserCenter$$FastClassBySpringCGLIB$$9e76518b.invoke(<generated>)
	at org.springframework.cglib.proxy.MethodProxy.invoke(MethodProxy.java:218)
	at org.springframework.aop.framework.CglibAopProxy$CglibMethodInvocation.invokeJoinpoint(CglibAopProxy.java:769)
	at org.springframework.aop.framework.ReflectiveMethodInvocation.proceed(ReflectiveMethodInvocation.java:163)
	at org.springframework.aop.framework.CglibAopProxy$CglibMethodInvocation.proceed(CglibAopProxy.java:747)
	at org.springframework.aop.framework.adapter.MethodBeforeAdviceInterceptor.invoke(MethodBeforeAdviceInterceptor.java:56)
	at org.springframework.aop.framework.ReflectiveMethodInvocation.proceed(ReflectiveMethodInvocation.java:186)
	at org.springframework.aop.framework.CglibAopProxy$CglibMethodInvocation.proceed(CglibAopProxy.java:747)
	at org.springframework.aop.interceptor.ExposeInvocationInterceptor.invoke(ExposeInvocationInterceptor.java:95)
	at org.springframework.aop.framework.ReflectiveMethodInvocation.proceed(ReflectiveMethodInvocation.java:186)
	at org.springframework.aop.framework.CglibAopProxy$CglibMethodInvocation.proceed(CglibAopProxy.java:747)
	at org.springframework.aop.framework.CglibAopProxy$DynamicAdvisedInterceptor.intercept(CglibAopProxy.java:689)
	at com.init.index.module.user.center.UserCenter$$EnhancerBySpringCGLIB$$7ce736b2.updateWebList(<generated>)
	at sun.reflect.NativeMethodAccessorImpl.invoke0(Native Method)
	at sun.reflect.NativeMethodAccessorImpl.invoke(NativeMethodAccessorImpl.java:62)
	at sun.reflect.DelegatingMethodAccessorImpl.__invoke(DelegatingMethodAccessorImpl.java:43)
	at sun.reflect.DelegatingMethodAccessorImpl.invoke(DelegatingMethodAccessorImpl.java:45009)
	at sun.reflect.DelegatingMethodAccessorImpl.invoke(DelegatingMethodAccessorImpl.java:45012)
	at java.lang.reflect.Method.invoke(Method.java:498)
	at org.springframework.web.method.support.InvocableHandlerMethod.doInvoke(InvocableHandlerMethod.java:190)
	at org.springframework.web.method.support.InvocableHandlerMethod.invokeForRequest(InvocableHandlerMethod.java:138)
	at org.springframework.web.servlet.mvc.method.annotation.ServletInvocableHandlerMethod.invokeAndHandle(ServletInvocableHandlerMethod.java:105)
	at org.springframework.web.servlet.mvc.method.annotation.RequestMappingHandlerAdapter.invokeHandlerMethod(RequestMappingHandlerAdapter.java:879)
	at org.springframework.web.servlet.mvc.method.annotation.RequestMappingHandlerAdapter.handleInternal(RequestMappingHandlerAdapter.java:793)
	at org.springframework.web.servlet.mvc.method.AbstractHandlerMethodAdapter.handle(AbstractHandlerMethodAdapter.java:87)
	at org.springframework.web.servlet.DispatcherServlet.doDispatch(DispatcherServlet.java:1040)
	at org.springframework.web.servlet.DispatcherServlet.doService(DispatcherServlet.java:943)
	at org.springframework.web.servlet.FrameworkServlet.processRequest(FrameworkServlet.java:1006)
	at org.springframework.web.servlet.FrameworkServlet.doPost(FrameworkServlet.java:909)
	at javax.servlet.http.HttpServlet.service(HttpServlet.java:660)
	at org.springframework.web.servlet.FrameworkServlet.service(FrameworkServlet.java:883)
	at javax.servlet.http.HttpServlet.service(HttpServlet.java:741)
	at org.apache.catalina.core.ApplicationFilterChain.internalDoFilter(ApplicationFilterChain.java:231)
	at org.apache.catalina.core.ApplicationFilterChain.doFilter(ApplicationFilterChain.java:166)
	at org.apache.tomcat.websocket.server.WsFilter.doFilter(WsFilter.java:53)
	at org.apache.catalina.core.ApplicationFilterChain.internalDoFilter(ApplicationFilterChain.java:193)
	at org.apache.catalina.core.ApplicationFilterChain.doFilter(ApplicationFilterChain.java:166)
	at com.alibaba.druid.support.http.WebStatFilter.doFilter(WebStatFilter.java:123)
	at org.apache.catalina.core.ApplicationFilterChain.internalDoFilter(ApplicationFilterChain.java:193)
	at org.apache.catalina.core.ApplicationFilterChain.doFilter(ApplicationFilterChain.java:166)
	at org.springframework.web.filter.RequestContextFilter.doFilterInternal(RequestContextFilter.java:100)
	at org.springframework.web.filter.OncePerRequestFilter.doFilter(OncePerRequestFilter.java:119)
	at org.apache.catalina.core.ApplicationFilterChain.internalDoFilter(ApplicationFilterChain.java:193)
	at org.apache.catalina.core.ApplicationFilterChain.doFilter(ApplicationFilterChain.java:166)
	at org.springframework.web.filter.FormContentFilter.doFilterInternal(FormContentFilter.java:93)
	at org.springframework.web.filter.OncePerRequestFilter.doFilter(OncePerRequestFilter.java:119)
	at org.apache.catalina.core.ApplicationFilterChain.internalDoFilter(ApplicationFilterChain.java:193)
	at org.apache.catalina.core.ApplicationFilterChain.doFilter(ApplicationFilterChain.java:166)
	at org.springframework.web.filter.CharacterEncodingFilter.doFilterInternal(CharacterEncodingFilter.java:201)
	at org.springframework.web.filter.OncePerRequestFilter.doFilter(OncePerRequestFilter.java:119)
	at org.apache.catalina.core.ApplicationFilterChain.internalDoFilter(ApplicationFilterChain.java:193)
	at org.apache.catalina.core.ApplicationFilterChain.doFilter(ApplicationFilterChain.java:166)
	at org.apache.catalina.core.StandardWrapperValve.invoke(StandardWrapperValve.java:202)
	at org.apache.catalina.core.StandardContextValve.__invoke(StandardContextValve.java:96)
	at org.apache.catalina.core.StandardContextValve.invoke(StandardContextValve.java:41002)
	at org.apache.catalina.authenticator.AuthenticatorBase.invoke(AuthenticatorBase.java:541)
	at org.apache.catalina.core.StandardHostValve.invoke(StandardHostValve.java:139)
	at org.apache.catalina.valves.ErrorReportValve.invoke(ErrorReportValve.java:92)
	at org.apache.catalina.core.StandardEngineValve.invoke(StandardEngineValve.java:74)
	at org.apache.catalina.connector.CoyoteAdapter.service(CoyoteAdapter.java:343)
	at org.apache.coyote.http11.Http11Processor.service(Http11Processor.java:373)
	at org.apache.coyote.AbstractProcessorLight.process(AbstractProcessorLight.java:65)
	at org.apache.coyote.AbstractProtocol$ConnectionHandler.process(AbstractProtocol.java:868)
	at org.apache.tomcat.util.net.NioEndpoint$SocketProcessor.doRun(NioEndpoint.java:1590)
	at org.apache.tomcat.util.net.SocketProcessorBase.run(SocketProcessorBase.java:49)
	at java.util.concurrent.ThreadPoolExecutor.runWorker(ThreadPoolExecutor.java:1149)
	at java.util.concurrent.ThreadPoolExecutor$Worker.run(ThreadPoolExecutor.java:624)
	at org.apache.tomcat.util.threads.TaskThread$WrappingRunnable.run(TaskThread.java:61)
	at java.lang.Thread.run(Thread.java:748)
2020 七月 15 13  -----=*=----- AbstractHandlerExceptionResolver.java : 199  -----=*=----- Resolved [org.springframework.validation.BindException: org.springframework.validation.BeanPropertyBindingResult: 5 errors
Field error in object 'weblist' on field 'href': rejected value [null]; codes [NotNull.weblist.href,NotNull.href,NotNull.java.lang.String,NotNull]; arguments [org.springframework.context.support.DefaultMessageSourceResolvable: codes [weblist.href,href]; arguments []; default message [href]]; default message [不能为null]
Field error in object 'weblist' on field 'tipsTitle': rejected value [null]; codes [NotNull.weblist.tipsTitle,NotNull.tipsTitle,NotNull.java.lang.String,NotNull]; arguments [org.springframework.context.support.DefaultMessageSourceResolvable: codes [weblist.tipsTitle,tipsTitle]; arguments []; default message [tipsTitle]]; default message [不能为null]
Field error in object 'weblist' on field 'name': rejected value [null]; codes [NotNull.weblist.name,NotNull.name,NotNull.java.lang.String,NotNull]; arguments [org.springframework.context.support.DefaultMessageSourceResolvable: codes [weblist.name,name]; arguments []; default message [name]]; default message [不能为null]
Field error in object 'weblist' on field 'icon': rejected value [null]; codes [NotNull.weblist.icon,NotNull.icon,NotNull.java.lang.String,NotNull]; arguments [org.springframework.context.support.DefaultMessageSourceResolvable: codes [weblist.icon,icon]; arguments []; default message [icon]]; default message [不能为null]
Field error in object 'weblist' on field 'tips': rejected value [null]; codes [NotNull.weblist.tips,NotNull.tips,NotNull.java.lang.String,NotNull]; arguments [org.springframework.context.support.DefaultMessageSourceResolvable: codes [weblist.tips,tips]; arguments []; default message [tips]]; default message [不能为null]]  
2020 七月 15 13  -----=*=----- AopHandle.java : 13  -----=*=----- 执行  
2020 七月 15 13  -----=*=----- AbstractHandlerExceptionResolver.java : 199  -----=*=----- Resolved [org.springframework.validation.BindException: org.springframework.validation.BeanPropertyBindingResult: 5 errors
Field error in object 'weblist' on field 'tips': rejected value [null]; codes [NotNull.weblist.tips,NotNull.tips,NotNull.java.lang.String,NotNull]; arguments [org.springframework.context.support.DefaultMessageSourceResolvable: codes [weblist.tips,tips]; arguments []; default message [tips]]; default message [不能为null]
Field error in object 'weblist' on field 'href': rejected value [null]; codes [NotNull.weblist.href,NotNull.href,NotNull.java.lang.String,NotNull]; arguments [org.springframework.context.support.DefaultMessageSourceResolvable: codes [weblist.href,href]; arguments []; default message [href]]; default message [不能为null]
Field error in object 'weblist' on field 'tipsTitle': rejected value [null]; codes [NotNull.weblist.tipsTitle,NotNull.tipsTitle,NotNull.java.lang.String,NotNull]; arguments [org.springframework.context.support.DefaultMessageSourceResolvable: codes [weblist.tipsTitle,tipsTitle]; arguments []; default message [tipsTitle]]; default message [不能为null]
Field error in object 'weblist' on field 'name': rejected value [null]; codes [NotNull.weblist.name,NotNull.name,NotNull.java.lang.String,NotNull]; arguments [org.springframework.context.support.DefaultMessageSourceResolvable: codes [weblist.name,name]; arguments []; default message [name]]; default message [不能为null]
Field error in object 'weblist' on field 'icon': rejected value [null]; codes [NotNull.weblist.icon,NotNull.icon,NotNull.java.lang.String,NotNull]; arguments [org.springframework.context.support.DefaultMessageSourceResolvable: codes [weblist.icon,icon]; arguments []; default message [icon]]; default message [不能为null]]  
2020 七月 15 13  -----=*=----- AopHandle.java : 13  -----=*=----- 执行  
2020 七月 15 13  -----=*=----- AopHandle.java : 13  -----=*=----- 执行  
2020 七月 15 13  -----=*=----- AbstractHandlerExceptionResolver.java : 199  -----=*=----- Resolved [org.springframework.validation.BindException: org.springframework.validation.BeanPropertyBindingResult: 5 errors
Field error in object 'weblist' on field 'tipsTitle': rejected value [null]; codes [NotNull.weblist.tipsTitle,NotNull.tipsTitle,NotNull.java.lang.String,NotNull]; arguments [org.springframework.context.support.DefaultMessageSourceResolvable: codes [weblist.tipsTitle,tipsTitle]; arguments []; default message [tipsTitle]]; default message [不能为null]
Field error in object 'weblist' on field 'href': rejected value [null]; codes [NotNull.weblist.href,NotNull.href,NotNull.java.lang.String,NotNull]; arguments [org.springframework.context.support.DefaultMessageSourceResolvable: codes [weblist.href,href]; arguments []; default message [href]]; default message [不能为null]
Field error in object 'weblist' on field 'icon': rejected value [null]; codes [NotNull.weblist.icon,NotNull.icon,NotNull.java.lang.String,NotNull]; arguments [org.springframework.context.support.DefaultMessageSourceResolvable: codes [weblist.icon,icon]; arguments []; default message [icon]]; default message [不能为null]
Field error in object 'weblist' on field 'tips': rejected value [null]; codes [NotNull.weblist.tips,NotNull.tips,NotNull.java.lang.String,NotNull]; arguments [org.springframework.context.support.DefaultMessageSourceResolvable: codes [weblist.tips,tips]; arguments []; default message [tips]]; default message [不能为null]
Field error in object 'weblist' on field 'name': rejected value [null]; codes [NotNull.weblist.name,NotNull.name,NotNull.java.lang.String,NotNull]; arguments [org.springframework.context.support.DefaultMessageSourceResolvable: codes [weblist.name,name]; arguments []; default message [name]]; default message [不能为null]]  
2020 七月 15 13  -----=*=----- AopHandle.java : 13  -----=*=----- 执行  
2020 七月 15 13  -----=*=----- AbstractHandlerExceptionResolver.java : 199  -----=*=----- Resolved [org.springframework.validation.BindException: org.springframework.validation.BeanPropertyBindingResult: 5 errors
Field error in object 'weblist' on field 'tips': rejected value [null]; codes [NotNull.weblist.tips,NotNull.tips,NotNull.java.lang.String,NotNull]; arguments [org.springframework.context.support.DefaultMessageSourceResolvable: codes [weblist.tips,tips]; arguments []; default message [tips]]; default message [不能为null]
Field error in object 'weblist' on field 'name': rejected value [null]; codes [NotNull.weblist.name,NotNull.name,NotNull.java.lang.String,NotNull]; arguments [org.springframework.context.support.DefaultMessageSourceResolvable: codes [weblist.name,name]; arguments []; default message [name]]; default message [不能为null]
Field error in object 'weblist' on field 'href': rejected value [null]; codes [NotNull.weblist.href,NotNull.href,NotNull.java.lang.String,NotNull]; arguments [org.springframework.context.support.DefaultMessageSourceResolvable: codes [weblist.href,href]; arguments []; default message [href]]; default message [不能为null]
Field error in object 'weblist' on field 'tipsTitle': rejected value [null]; codes [NotNull.weblist.tipsTitle,NotNull.tipsTitle,NotNull.java.lang.String,NotNull]; arguments [org.springframework.context.support.DefaultMessageSourceResolvable: codes [weblist.tipsTitle,tipsTitle]; arguments []; default message [tipsTitle]]; default message [不能为null]
Field error in object 'weblist' on field 'icon': rejected value [null]; codes [NotNull.weblist.icon,NotNull.icon,NotNull.java.lang.String,NotNull]; arguments [org.springframework.context.support.DefaultMessageSourceResolvable: codes [weblist.icon,icon]; arguments []; default message [icon]]; default message [不能为null]]  
2020 七月 15 13  -----=*=----- AopHandle.java : 13  -----=*=----- 执行  
2020 七月 15 13  -----=*=----- AbstractHandlerExceptionResolver.java : 199  -----=*=----- Resolved [org.springframework.validation.BindException: org.springframework.validation.BeanPropertyBindingResult: 5 errors
Field error in object 'weblist' on field 'tips': rejected value [null]; codes [NotNull.weblist.tips,NotNull.tips,NotNull.java.lang.String,NotNull]; arguments [org.springframework.context.support.DefaultMessageSourceResolvable: codes [weblist.tips,tips]; arguments []; default message [tips]]; default message [不能为null]
Field error in object 'weblist' on field 'name': rejected value [null]; codes [NotNull.weblist.name,NotNull.name,NotNull.java.lang.String,NotNull]; arguments [org.springframework.context.support.DefaultMessageSourceResolvable: codes [weblist.name,name]; arguments []; default message [name]]; default message [不能为null]
Field error in object 'weblist' on field 'href': rejected value [null]; codes [NotNull.weblist.href,NotNull.href,NotNull.java.lang.String,NotNull]; arguments [org.springframework.context.support.DefaultMessageSourceResolvable: codes [weblist.href,href]; arguments []; default message [href]]; default message [不能为null]
Field error in object 'weblist' on field 'tipsTitle': rejected value [null]; codes [NotNull.weblist.tipsTitle,NotNull.tipsTitle,NotNull.java.lang.String,NotNull]; arguments [org.springframework.context.support.DefaultMessageSourceResolvable: codes [weblist.tipsTitle,tipsTitle]; arguments []; default message [tipsTitle]]; default message [不能为null]
Field error in object 'weblist' on field 'icon': rejected value [null]; codes [NotNull.weblist.icon,NotNull.icon,NotNull.java.lang.String,NotNull]; arguments [org.springframework.context.support.DefaultMessageSourceResolvable: codes [weblist.icon,icon]; arguments []; default message [icon]]; default message [不能为null]]  
2020 七月 15 13  -----=*=----- AbstractHandlerExceptionResolver.java : 199  -----=*=----- Resolved [org.springframework.validation.BindException: org.springframework.validation.BeanPropertyBindingResult: 5 errors
Field error in object 'weblist' on field 'name': rejected value [null]; codes [NotNull.weblist.name,NotNull.name,NotNull.java.lang.String,NotNull]; arguments [org.springframework.context.support.DefaultMessageSourceResolvable: codes [weblist.name,name]; arguments []; default message [name]]; default message [不能为null]
Field error in object 'weblist' on field 'tipsTitle': rejected value [null]; codes [NotNull.weblist.tipsTitle,NotNull.tipsTitle,NotNull.java.lang.String,NotNull]; arguments [org.springframework.context.support.DefaultMessageSourceResolvable: codes [weblist.tipsTitle,tipsTitle]; arguments []; default message [tipsTitle]]; default message [不能为null]
Field error in object 'weblist' on field 'icon': rejected value [null]; codes [NotNull.weblist.icon,NotNull.icon,NotNull.java.lang.String,NotNull]; arguments [org.springframework.context.support.DefaultMessageSourceResolvable: codes [weblist.icon,icon]; arguments []; default message [icon]]; default message [不能为null]
Field error in object 'weblist' on field 'tips': rejected value [null]; codes [NotNull.weblist.tips,NotNull.tips,NotNull.java.lang.String,NotNull]; arguments [org.springframework.context.support.DefaultMessageSourceResolvable: codes [weblist.tips,tips]; arguments []; default message [tips]]; default message [不能为null]
Field error in object 'weblist' on field 'href': rejected value [null]; codes [NotNull.weblist.href,NotNull.href,NotNull.java.lang.String,NotNull]; arguments [org.springframework.context.support.DefaultMessageSourceResolvable: codes [weblist.href,href]; arguments []; default message [href]]; default message [不能为null]]  
2020 七月 15 13  -----=*=----- AopHandle.java : 13  -----=*=----- 执行  
2020 七月 15 13  -----=*=----- AopHandle.java : 13  -----=*=----- 执行  
2020 七月 15 13  -----=*=----- DirectJDKLog.java : 175  -----=*=----- Servlet.service() for servlet [dispatcherServlet] in context with path [] threw exception [Request processing failed; nested exception is org.mybatis.spring.MyBatisSystemException: nested exception is org.apache.ibatis.binding.BindingException: Parameter 'icon' not found. Available parameters are [weblist, id, param1, param2]] with root cause  
org.apache.ibatis.binding.BindingException: Parameter 'icon' not found. Available parameters are [weblist, id, param1, param2]
	at org.apache.ibatis.binding.MapperMethod$ParamMap.get(MapperMethod.java:212)
	at org.apache.ibatis.reflection.wrapper.MapWrapper.get(MapWrapper.java:45)
	at org.apache.ibatis.reflection.MetaObject.getValue(MetaObject.java:122)
	at com.baomidou.mybatisplus.core.MybatisDefaultParameterHandler.setParameters(MybatisDefaultParameterHandler.java:223)
	at org.apache.ibatis.executor.statement.PreparedStatementHandler.parameterize(PreparedStatementHandler.java:94)
	at org.apache.ibatis.executor.statement.RoutingStatementHandler.parameterize(RoutingStatementHandler.java:64)
	at com.baomidou.mybatisplus.core.executor.MybatisSimpleExecutor.prepareStatement(MybatisSimpleExecutor.java:97)
	at com.baomidou.mybatisplus.core.executor.MybatisSimpleExecutor.doUpdate(MybatisSimpleExecutor.java:53)
	at org.apache.ibatis.executor.BaseExecutor.update(BaseExecutor.java:117)
	at com.baomidou.mybatisplus.core.executor.MybatisCachingExecutor.update(MybatisCachingExecutor.java:83)
	at sun.reflect.NativeMethodAccessorImpl.invoke0(Native Method)
	at sun.reflect.NativeMethodAccessorImpl.invoke(NativeMethodAccessorImpl.java:62)
	at sun.reflect.DelegatingMethodAccessorImpl.__invoke(DelegatingMethodAccessorImpl.java:43)
	at sun.reflect.DelegatingMethodAccessorImpl.invoke(DelegatingMethodAccessorImpl.java:45009)
	at sun.reflect.DelegatingMethodAccessorImpl.invoke(DelegatingMethodAccessorImpl.java:45012)
	at java.lang.reflect.Method.invoke(Method.java:498)
	at org.apache.ibatis.plugin.Plugin.invoke(Plugin.java:63)
	at com.sun.proxy.$Proxy103.update(Unknown Source)
	at org.apache.ibatis.session.defaults.DefaultSqlSession.update(DefaultSqlSession.java:197)
	at sun.reflect.NativeMethodAccessorImpl.invoke0(Native Method)
	at sun.reflect.NativeMethodAccessorImpl.invoke(NativeMethodAccessorImpl.java:62)
	at sun.reflect.DelegatingMethodAccessorImpl.__invoke(DelegatingMethodAccessorImpl.java:43)
	at sun.reflect.DelegatingMethodAccessorImpl.invoke(DelegatingMethodAccessorImpl.java:45009)
	at sun.reflect.DelegatingMethodAccessorImpl.invoke(DelegatingMethodAccessorImpl.java:45012)
	at java.lang.reflect.Method.invoke(Method.java:498)
	at org.mybatis.spring.SqlSessionTemplate$SqlSessionInterceptor.invoke(SqlSessionTemplate.java:426)
	at com.sun.proxy.$Proxy71.update(Unknown Source)
	at org.mybatis.spring.SqlSessionTemplate.update(SqlSessionTemplate.java:287)
	at com.baomidou.mybatisplus.core.override.MybatisMapperMethod.execute(MybatisMapperMethod.java:65)
	at com.baomidou.mybatisplus.core.override.MybatisMapperProxy.invoke(MybatisMapperProxy.java:96)
	at com.sun.proxy.$Proxy83.updateWeblist(Unknown Source)
	at sun.reflect.NativeMethodAccessorImpl.invoke0(Native Method)
	at sun.reflect.NativeMethodAccessorImpl.invoke(NativeMethodAccessorImpl.java:62)
	at sun.reflect.DelegatingMethodAccessorImpl.__invoke(DelegatingMethodAccessorImpl.java:43)
	at sun.reflect.DelegatingMethodAccessorImpl.invoke(DelegatingMethodAccessorImpl.java:45009)
	at sun.reflect.DelegatingMethodAccessorImpl.invoke(DelegatingMethodAccessorImpl.java:45012)
	at java.lang.reflect.Method.invoke(Method.java:498)
	at org.springframework.aop.support.AopUtils.invokeJoinpointUsingReflection(AopUtils.java:344)
	at org.springframework.aop.framework.ReflectiveMethodInvocation.invokeJoinpoint(ReflectiveMethodInvocation.java:198)
	at org.springframework.aop.framework.ReflectiveMethodInvocation.proceed(ReflectiveMethodInvocation.java:163)
	at org.springframework.dao.support.PersistenceExceptionTranslationInterceptor.invoke(PersistenceExceptionTranslationInterceptor.java:139)
	at org.springframework.aop.framework.ReflectiveMethodInvocation.proceed(ReflectiveMethodInvocation.java:186)
	at org.springframework.aop.framework.JdkDynamicAopProxy.invoke(JdkDynamicAopProxy.java:212)
	at com.sun.proxy.$Proxy84.updateWeblist(Unknown Source)
	at com.init.index.module.user.center.UserCenter.updateWebList(UserCenter.java:107)
	at com.init.index.module.user.center.UserCenter$$FastClassBySpringCGLIB$$9e76518b.invoke(<generated>)
	at org.springframework.cglib.proxy.MethodProxy.invoke(MethodProxy.java:218)
	at org.springframework.aop.framework.CglibAopProxy$CglibMethodInvocation.invokeJoinpoint(CglibAopProxy.java:769)
	at org.springframework.aop.framework.ReflectiveMethodInvocation.proceed(ReflectiveMethodInvocation.java:163)
	at org.springframework.aop.framework.CglibAopProxy$CglibMethodInvocation.proceed(CglibAopProxy.java:747)
	at org.springframework.aop.framework.adapter.MethodBeforeAdviceInterceptor.invoke(MethodBeforeAdviceInterceptor.java:56)
	at org.springframework.aop.framework.ReflectiveMethodInvocation.proceed(ReflectiveMethodInvocation.java:186)
	at org.springframework.aop.framework.CglibAopProxy$CglibMethodInvocation.proceed(CglibAopProxy.java:747)
	at org.springframework.aop.interceptor.ExposeInvocationInterceptor.invoke(ExposeInvocationInterceptor.java:95)
	at org.springframework.aop.framework.ReflectiveMethodInvocation.proceed(ReflectiveMethodInvocation.java:186)
	at org.springframework.aop.framework.CglibAopProxy$CglibMethodInvocation.proceed(CglibAopProxy.java:747)
	at org.springframework.aop.framework.CglibAopProxy$DynamicAdvisedInterceptor.intercept(CglibAopProxy.java:689)
	at com.init.index.module.user.center.UserCenter$$EnhancerBySpringCGLIB$$91273b4c.updateWebList(<generated>)
	at sun.reflect.NativeMethodAccessorImpl.invoke0(Native Method)
	at sun.reflect.NativeMethodAccessorImpl.invoke(NativeMethodAccessorImpl.java:62)
	at sun.reflect.DelegatingMethodAccessorImpl.__invoke(DelegatingMethodAccessorImpl.java:43)
	at sun.reflect.DelegatingMethodAccessorImpl.invoke(DelegatingMethodAccessorImpl.java:45009)
	at sun.reflect.DelegatingMethodAccessorImpl.invoke(DelegatingMethodAccessorImpl.java:45012)
	at java.lang.reflect.Method.invoke(Method.java:498)
	at org.springframework.web.method.support.InvocableHandlerMethod.doInvoke(InvocableHandlerMethod.java:190)
	at org.springframework.web.method.support.InvocableHandlerMethod.invokeForRequest(InvocableHandlerMethod.java:138)
	at org.springframework.web.servlet.mvc.method.annotation.ServletInvocableHandlerMethod.invokeAndHandle(ServletInvocableHandlerMethod.java:105)
	at org.springframework.web.servlet.mvc.method.annotation.RequestMappingHandlerAdapter.invokeHandlerMethod(RequestMappingHandlerAdapter.java:879)
	at org.springframework.web.servlet.mvc.method.annotation.RequestMappingHandlerAdapter.handleInternal(RequestMappingHandlerAdapter.java:793)
	at org.springframework.web.servlet.mvc.method.AbstractHandlerMethodAdapter.handle(AbstractHandlerMethodAdapter.java:87)
	at org.springframework.web.servlet.DispatcherServlet.doDispatch(DispatcherServlet.java:1040)
	at org.springframework.web.servlet.DispatcherServlet.doService(DispatcherServlet.java:943)
	at org.springframework.web.servlet.FrameworkServlet.processRequest(FrameworkServlet.java:1006)
	at org.springframework.web.servlet.FrameworkServlet.doGet(FrameworkServlet.java:898)
	at javax.servlet.http.HttpServlet.service(HttpServlet.java:634)
	at org.springframework.web.servlet.FrameworkServlet.service(FrameworkServlet.java:883)
	at javax.servlet.http.HttpServlet.service(HttpServlet.java:741)
	at org.apache.catalina.core.ApplicationFilterChain.internalDoFilter(ApplicationFilterChain.java:231)
	at org.apache.catalina.core.ApplicationFilterChain.doFilter(ApplicationFilterChain.java:166)
	at org.apache.tomcat.websocket.server.WsFilter.doFilter(WsFilter.java:53)
	at org.apache.catalina.core.ApplicationFilterChain.internalDoFilter(ApplicationFilterChain.java:193)
	at org.apache.catalina.core.ApplicationFilterChain.doFilter(ApplicationFilterChain.java:166)
	at com.alibaba.druid.support.http.WebStatFilter.doFilter(WebStatFilter.java:123)
	at org.apache.catalina.core.ApplicationFilterChain.internalDoFilter(ApplicationFilterChain.java:193)
	at org.apache.catalina.core.ApplicationFilterChain.doFilter(ApplicationFilterChain.java:166)
	at org.springframework.web.filter.RequestContextFilter.doFilterInternal(RequestContextFilter.java:100)
	at org.springframework.web.filter.OncePerRequestFilter.doFilter(OncePerRequestFilter.java:119)
	at org.apache.catalina.core.ApplicationFilterChain.internalDoFilter(ApplicationFilterChain.java:193)
	at org.apache.catalina.core.ApplicationFilterChain.doFilter(ApplicationFilterChain.java:166)
	at org.springframework.web.filter.FormContentFilter.doFilterInternal(FormContentFilter.java:93)
	at org.springframework.web.filter.OncePerRequestFilter.doFilter(OncePerRequestFilter.java:119)
	at org.apache.catalina.core.ApplicationFilterChain.internalDoFilter(ApplicationFilterChain.java:193)
	at org.apache.catalina.core.ApplicationFilterChain.doFilter(ApplicationFilterChain.java:166)
	at org.springframework.web.filter.CharacterEncodingFilter.doFilterInternal(CharacterEncodingFilter.java:201)
	at org.springframework.web.filter.OncePerRequestFilter.doFilter(OncePerRequestFilter.java:119)
	at org.apache.catalina.core.ApplicationFilterChain.internalDoFilter(ApplicationFilterChain.java:193)
	at org.apache.catalina.core.ApplicationFilterChain.doFilter(ApplicationFilterChain.java:166)
	at org.apache.catalina.core.StandardWrapperValve.invoke(StandardWrapperValve.java:202)
	at org.apache.catalina.core.StandardContextValve.__invoke(StandardContextValve.java:96)
	at org.apache.catalina.core.StandardContextValve.invoke(StandardContextValve.java:41002)
	at org.apache.catalina.authenticator.AuthenticatorBase.invoke(AuthenticatorBase.java:541)
	at org.apache.catalina.core.StandardHostValve.invoke(StandardHostValve.java:139)
	at org.apache.catalina.valves.ErrorReportValve.invoke(ErrorReportValve.java:92)
	at org.apache.catalina.core.StandardEngineValve.invoke(StandardEngineValve.java:74)
	at org.apache.catalina.connector.CoyoteAdapter.service(CoyoteAdapter.java:343)
	at org.apache.coyote.http11.Http11Processor.service(Http11Processor.java:373)
	at org.apache.coyote.AbstractProcessorLight.process(AbstractProcessorLight.java:65)
	at org.apache.coyote.AbstractProtocol$ConnectionHandler.process(AbstractProtocol.java:868)
	at org.apache.tomcat.util.net.NioEndpoint$SocketProcessor.doRun(NioEndpoint.java:1590)
	at org.apache.tomcat.util.net.SocketProcessorBase.run(SocketProcessorBase.java:49)
	at java.util.concurrent.ThreadPoolExecutor.runWorker(ThreadPoolExecutor.java:1149)
	at java.util.concurrent.ThreadPoolExecutor$Worker.run(ThreadPoolExecutor.java:624)
	at org.apache.tomcat.util.threads.TaskThread$WrappingRunnable.run(TaskThread.java:61)
	at java.lang.Thread.run(Thread.java:748)
2020 七月 15 14  -----=*=----- AopHandle.java : 13  -----=*=----- 执行  
2020 七月 15 14  -----=*=----- Logger.java : 44  -----=*=----- No MyBatis mapper was found in '[com.init.index]' package. Please check your configuration.  
2020 七月 15 14  -----=*=----- AopHandle.java : 13  -----=*=----- 执行  
2020 七月 15 14  -----=*=----- AopHandle.java : 13  -----=*=----- 执行  
2020 七月 15 14  -----=*=----- AopHandle.java : 13  -----=*=----- 执行  
2020 七月 15 14  -----=*=----- AopHandle.java : 13  -----=*=----- 执行  
2020 七月 15 14  -----=*=----- AopHandle.java : 13  -----=*=----- 执行  
2020 七月 15 14  -----=*=----- AopHandle.java : 13  -----=*=----- 执行  
2020 七月 15 14  -----=*=----- AopHandle.java : 13  -----=*=----- 执行  
2020 七月 15 14  -----=*=----- AopHandle.java : 13  -----=*=----- 执行  
2020 七月 15 14  -----=*=----- AopHandle.java : 13  -----=*=----- 执行  
2020 七月 15 14  -----=*=----- AopHandle.java : 13  -----=*=----- 执行  
2020 七月 15 14  -----=*=----- AopHandle.java : 13  -----=*=----- 执行  
2020 七月 15 14  -----=*=----- AopHandle.java : 13  -----=*=----- 执行  
2020 七月 15 14  -----=*=----- AopHandle.java : 13  -----=*=----- 执行  
2020 七月 15 14  -----=*=----- AopHandle.java : 13  -----=*=----- 执行  
2020 七月 15 14  -----=*=----- AopHandle.java : 13  -----=*=----- 执行  
2020 七月 15 14  -----=*=----- AopHandle.java : 13  -----=*=----- 执行  
2020 七月 15 14  -----=*=----- AopHandle.java : 13  -----=*=----- 执行  
2020 七月 15 14  -----=*=----- AopHandle.java : 13  -----=*=----- 执行  
2020 七月 15 14  -----=*=----- AopHandle.java : 13  -----=*=----- 执行  
2020 七月 15 14  -----=*=----- AopHandle.java : 13  -----=*=----- 执行  
2020 七月 15 14  -----=*=----- AopHandle.java : 13  -----=*=----- 执行  
2020 七月 15 14  -----=*=----- AopHandle.java : 13  -----=*=----- 执行  
2020 七月 15 14  -----=*=----- AopHandle.java : 13  -----=*=----- 执行  
2020 七月 15 14  -----=*=----- AopHandle.java : 13  -----=*=----- 执行  
2020 七月 15 14  -----=*=----- AopHandle.java : 13  -----=*=----- 执行  
2020 七月 15 14  -----=*=----- AopHandle.java : 13  -----=*=----- 执行  
2020 七月 15 14  -----=*=----- AopHandle.java : 13  -----=*=----- 执行  
2020 七月 15 14  -----=*=----- AopHandle.java : 13  -----=*=----- 执行  
2020 七月 15 14  -----=*=----- AopHandle.java : 13  -----=*=----- 执行  
2020 七月 15 14  -----=*=----- AopHandle.java : 13  -----=*=----- 执行  
2020 七月 15 14  -----=*=----- AopHandle.java : 13  -----=*=----- 执行  
2020 七月 15 14  -----=*=----- AopHandle.java : 13  -----=*=----- 执行  
2020 七月 15 14  -----=*=----- AopHandle.java : 13  -----=*=----- 执行  
2020 七月 15 14  -----=*=----- AopHandle.java : 13  -----=*=----- 执行  
2020 七月 15 14  -----=*=----- AopHandle.java : 13  -----=*=----- 执行  
2020 七月 15 14  -----=*=----- AopHandle.java : 13  -----=*=----- 执行  
2020 七月 15 14  -----=*=----- AopHandle.java : 13  -----=*=----- 执行  
2020 七月 15 14  -----=*=----- AopHandle.java : 13  -----=*=----- 执行  
2020 七月 15 14  -----=*=----- AopHandle.java : 13  -----=*=----- 执行  
2020 七月 15 14  -----=*=----- AopHandle.java : 13  -----=*=----- 执行  
2020 七月 15 14  -----=*=----- Logger.java : 44  -----=*=----- No MyBatis mapper was found in '[com.init.index]' package. Please check your configuration.  
2020 七月 15 14  -----=*=----- AopHandle.java : 13  -----=*=----- 执行  
2020 七月 15 14  -----=*=----- AopHandle.java : 13  -----=*=----- 执行  
2020 七月 15 14  -----=*=----- AopHandle.java : 13  -----=*=----- 执行  
2020 七月 15 14  -----=*=----- AopHandle.java : 13  -----=*=----- 执行  
2020 七月 15 14  -----=*=----- AopHandle.java : 13  -----=*=----- 执行  
2020 七月 15 14  -----=*=----- Logger.java : 44  -----=*=----- No MyBatis mapper was found in '[com.init.index]' package. Please check your configuration.  
2020 七月 15 14  -----=*=----- AbstractHandlerExceptionResolver.java : 199  -----=*=----- Resolved [org.springframework.validation.BindException: org.springframework.validation.BeanPropertyBindingResult: 4 errors
Field error in object 'weblist' on field 'icon': rejected value []; codes [NotEmpty.weblist.icon,NotEmpty.icon,NotEmpty.java.lang.String,NotEmpty]; arguments [org.springframework.context.support.DefaultMessageSourceResolvable: codes [weblist.icon,icon]; arguments []; default message [icon]]; default message [不能为空]
Field error in object 'weblist' on field 'tips': rejected value []; codes [NotEmpty.weblist.tips,NotEmpty.tips,NotEmpty.java.lang.String,NotEmpty]; arguments [org.springframework.context.support.DefaultMessageSourceResolvable: codes [weblist.tips,tips]; arguments []; default message [tips]]; default message [不能为空]
Field error in object 'weblist' on field 'name': rejected value []; codes [NotEmpty.weblist.name,NotEmpty.name,NotEmpty.java.lang.String,NotEmpty]; arguments [org.springframework.context.support.DefaultMessageSourceResolvable: codes [weblist.name,name]; arguments []; default message [name]]; default message [不能为空]
Field error in object 'weblist' on field 'href': rejected value []; codes [NotEmpty.weblist.href,NotEmpty.href,NotEmpty.java.lang.String,NotEmpty]; arguments [org.springframework.context.support.DefaultMessageSourceResolvable: codes [weblist.href,href]; arguments []; default message [href]]; default message [不能为空]]  
2020 七月 15 14  -----=*=----- AbstractHandlerExceptionResolver.java : 199  -----=*=----- Resolved [org.springframework.validation.BindException: org.springframework.validation.BeanPropertyBindingResult: 4 errors
Field error in object 'weblist' on field 'icon': rejected value []; codes [NotEmpty.weblist.icon,NotEmpty.icon,NotEmpty.java.lang.String,NotEmpty]; arguments [org.springframework.context.support.DefaultMessageSourceResolvable: codes [weblist.icon,icon]; arguments []; default message [icon]]; default message [不能为空]
Field error in object 'weblist' on field 'tips': rejected value []; codes [NotEmpty.weblist.tips,NotEmpty.tips,NotEmpty.java.lang.String,NotEmpty]; arguments [org.springframework.context.support.DefaultMessageSourceResolvable: codes [weblist.tips,tips]; arguments []; default message [tips]]; default message [不能为空]
Field error in object 'weblist' on field 'name': rejected value []; codes [NotEmpty.weblist.name,NotEmpty.name,NotEmpty.java.lang.String,NotEmpty]; arguments [org.springframework.context.support.DefaultMessageSourceResolvable: codes [weblist.name,name]; arguments []; default message [name]]; default message [不能为空]
Field error in object 'weblist' on field 'href': rejected value []; codes [NotEmpty.weblist.href,NotEmpty.href,NotEmpty.java.lang.String,NotEmpty]; arguments [org.springframework.context.support.DefaultMessageSourceResolvable: codes [weblist.href,href]; arguments []; default message [href]]; default message [不能为空]]  
2020 七月 15 14  -----=*=----- AopHandle.java : 13  -----=*=----- 执行  
2020 七月 15 14  -----=*=----- AbstractHandlerExceptionResolver.java : 199  -----=*=----- Resolved [org.springframework.validation.BindException: org.springframework.validation.BeanPropertyBindingResult: 4 errors
Field error in object 'weblist' on field 'name': rejected value []; codes [NotEmpty.weblist.name,NotEmpty.name,NotEmpty.java.lang.String,NotEmpty]; arguments [org.springframework.context.support.DefaultMessageSourceResolvable: codes [weblist.name,name]; arguments []; default message [name]]; default message [不能为空]
Field error in object 'weblist' on field 'icon': rejected value []; codes [NotEmpty.weblist.icon,NotEmpty.icon,NotEmpty.java.lang.String,NotEmpty]; arguments [org.springframework.context.support.DefaultMessageSourceResolvable: codes [weblist.icon,icon]; arguments []; default message [icon]]; default message [不能为空]
Field error in object 'weblist' on field 'tips': rejected value []; codes [NotEmpty.weblist.tips,NotEmpty.tips,NotEmpty.java.lang.String,NotEmpty]; arguments [org.springframework.context.support.DefaultMessageSourceResolvable: codes [weblist.tips,tips]; arguments []; default message [tips]]; default message [不能为空]
Field error in object 'weblist' on field 'href': rejected value []; codes [NotEmpty.weblist.href,NotEmpty.href,NotEmpty.java.lang.String,NotEmpty]; arguments [org.springframework.context.support.DefaultMessageSourceResolvable: codes [weblist.href,href]; arguments []; default message [href]]; default message [不能为空]]  
2020 七月 15 14  -----=*=----- AopHandle.java : 13  -----=*=----- 执行  
2020 七月 15 14  -----=*=----- AbstractHandlerExceptionResolver.java : 199  -----=*=----- Resolved [org.springframework.validation.BindException: org.springframework.validation.BeanPropertyBindingResult: 4 errors
Field error in object 'weblist' on field 'href': rejected value []; codes [NotEmpty.weblist.href,NotEmpty.href,NotEmpty.java.lang.String,NotEmpty]; arguments [org.springframework.context.support.DefaultMessageSourceResolvable: codes [weblist.href,href]; arguments []; default message [href]]; default message [不能为空]
Field error in object 'weblist' on field 'name': rejected value []; codes [NotEmpty.weblist.name,NotEmpty.name,NotEmpty.java.lang.String,NotEmpty]; arguments [org.springframework.context.support.DefaultMessageSourceResolvable: codes [weblist.name,name]; arguments []; default message [name]]; default message [不能为空]
Field error in object 'weblist' on field 'icon': rejected value []; codes [NotEmpty.weblist.icon,NotEmpty.icon,NotEmpty.java.lang.String,NotEmpty]; arguments [org.springframework.context.support.DefaultMessageSourceResolvable: codes [weblist.icon,icon]; arguments []; default message [icon]]; default message [不能为空]
Field error in object 'weblist' on field 'tips': rejected value []; codes [NotEmpty.weblist.tips,NotEmpty.tips,NotEmpty.java.lang.String,NotEmpty]; arguments [org.springframework.context.support.DefaultMessageSourceResolvable: codes [weblist.tips,tips]; arguments []; default message [tips]]; default message [不能为空]]  
2020 七月 15 14  -----=*=----- AopHandle.java : 13  -----=*=----- 执行  
2020 七月 15 14  -----=*=----- AopHandle.java : 13  -----=*=----- 执行  
2020 七月 15 14  -----=*=----- AopHandle.java : 13  -----=*=----- 执行  
2020 七月 15 14  -----=*=----- AopHandle.java : 13  -----=*=----- 执行  
2020 七月 15 14  -----=*=----- AopHandle.java : 13  -----=*=----- 执行  
2020 七月 15 14  -----=*=----- AopHandle.java : 13  -----=*=----- 执行  
2020 七月 15 14  -----=*=----- AopHandle.java : 13  -----=*=----- 执行  
2020 七月 15 14  -----=*=----- AopHandle.java : 13  -----=*=----- 执行  
2020 七月 15 14  -----=*=----- AopHandle.java : 13  -----=*=----- 执行  
2020 七月 15 14  -----=*=----- AopHandle.java : 13  -----=*=----- 执行  
2020 七月 15 14  -----=*=----- AopHandle.java : 13  -----=*=----- 执行  
2020 七月 15 14  -----=*=----- AopHandle.java : 13  -----=*=----- 执行  
2020 七月 15 14  -----=*=----- AopHandle.java : 13  -----=*=----- 执行  
2020 七月 15 14  -----=*=----- AopHandle.java : 13  -----=*=----- 执行  
2020 七月 15 15  -----=*=----- AopHandle.java : 13  -----=*=----- 执行  
2020 七月 15 15  -----=*=----- AopHandle.java : 13  -----=*=----- 执行  
2020 七月 15 15  -----=*=----- AopHandle.java : 13  -----=*=----- 执行  
2020 七月 15 15  -----=*=----- AopHandle.java : 13  -----=*=----- 执行  
2020 七月 15 15  -----=*=----- AopHandle.java : 13  -----=*=----- 执行  
2020 七月 15 15  -----=*=----- AopHandle.java : 13  -----=*=----- 执行  
2020 七月 15 15  -----=*=----- AopHandle.java : 13  -----=*=----- 执行  
2020 七月 15 15  -----=*=----- AopHandle.java : 13  -----=*=----- 执行  
2020 七月 15 15  -----=*=----- AopHandle.java : 13  -----=*=----- 执行  
2020 七月 15 15  -----=*=----- AopHandle.java : 13  -----=*=----- 执行  
2020 七月 15 15  -----=*=----- AopHandle.java : 13  -----=*=----- 执行  
2020 七月 15 15  -----=*=----- AopHandle.java : 13  -----=*=----- 执行  
2020 七月 15 15  -----=*=----- AopHandle.java : 13  -----=*=----- 执行  
2020 七月 15 15  -----=*=----- AopHandle.java : 13  -----=*=----- 执行  
2020 七月 15 15  -----=*=----- Logger.java : 44  -----=*=----- No MyBatis mapper was found in '[com.init.index]' package. Please check your configuration.  
2020 七月 15 15  -----=*=----- AopHandle.java : 13  -----=*=----- 执行  
2020 七月 15 15  -----=*=----- AopHandle.java : 13  -----=*=----- 执行  
2020 七月 15 15  -----=*=----- AopHandle.java : 13  -----=*=----- 执行  
2020 七月 15 15  -----=*=----- AopHandle.java : 13  -----=*=----- 执行  
2020 七月 15 15  -----=*=----- AopHandle.java : 13  -----=*=----- 执行  
2020 七月 15 15  -----=*=----- AopHandle.java : 13  -----=*=----- 执行  
2020 七月 15 15  -----=*=----- AopHandle.java : 13  -----=*=----- 执行  
2020 七月 15 15  -----=*=----- AopHandle.java : 13  -----=*=----- 执行  
2020 七月 15 15  -----=*=----- AopHandle.java : 13  -----=*=----- 执行  
2020 七月 15 16  -----=*=----- Logger.java : 44  -----=*=----- No MyBatis mapper was found in '[com.init.index]' package. Please check your configuration.  
2020 七月 15 16  -----=*=----- Logger.java : 44  -----=*=----- No MyBatis mapper was found in '[com.init.index]' package. Please check your configuration.  
2020 七月 15 16  -----=*=----- AopHandle.java : 13  -----=*=----- 执行  
2020 七月 15 16  -----=*=----- AopHandle.java : 13  -----=*=----- 执行  
2020 七月 15 16  -----=*=----- AopHandle.java : 13  -----=*=----- 执行  
2020 七月 15 16  -----=*=----- AopHandle.java : 13  -----=*=----- 执行  
2020 七月 15 16  -----=*=----- Logger.java : 44  -----=*=----- No MyBatis mapper was found in '[com.init.index]' package. Please check your configuration.  
2020 七月 15 16  -----=*=----- AopHandle.java : 13  -----=*=----- 执行  
2020 七月 15 16  -----=*=----- AopHandle.java : 13  -----=*=----- 执行  
2020 七月 15 16  -----=*=----- AopHandle.java : 13  -----=*=----- 执行  
2020 七月 15 17  -----=*=----- AopHandle.java : 13  -----=*=----- 执行  
2020 七月 15 17  -----=*=----- AopHandle.java : 13  -----=*=----- 执行  
2020 七月 15 17  -----=*=----- AopHandle.java : 13  -----=*=----- 执行  
2020 七月 15 17  -----=*=----- AopHandle.java : 13  -----=*=----- 执行  
2020 七月 15 17  -----=*=----- AopHandle.java : 13  -----=*=----- 执行  
2020 七月 15 17  -----=*=----- AopHandle.java : 13  -----=*=----- 执行  
2020 七月 15 17  -----=*=----- AopHandle.java : 13  -----=*=----- 执行  
2020 七月 15 17  -----=*=----- AopHandle.java : 13  -----=*=----- 执行  
2020 七月 15 17  -----=*=----- AopHandle.java : 13  -----=*=----- 执行  
2020 七月 15 17  -----=*=----- AopHandle.java : 13  -----=*=----- 执行  
2020 七月 15 17  -----=*=----- AopHandle.java : 13  -----=*=----- 执行  
2020 七月 15 17  -----=*=----- AopHandle.java : 13  -----=*=----- 执行  
2020 七月 15 17  -----=*=----- AopHandle.java : 13  -----=*=----- 执行  
2020 七月 15 17  -----=*=----- AopHandle.java : 13  -----=*=----- 执行  
2020 七月 15 17  -----=*=----- AopHandle.java : 13  -----=*=----- 执行  
2020 七月 15 17  -----=*=----- AopHandle.java : 13  -----=*=----- 执行  
2020 七月 15 17  -----=*=----- AopHandle.java : 13  -----=*=----- 执行  
2020 七月 15 17  -----=*=----- AopHandle.java : 13  -----=*=----- 执行  
2020 七月 15 17  -----=*=----- AopHandle.java : 13  -----=*=----- 执行  
2020 七月 15 17  -----=*=----- AopHandle.java : 13  -----=*=----- 执行  
2020 七月 15 17  -----=*=----- Logger.java : 44  -----=*=----- No MyBatis mapper was found in '[com.init.index]' package. Please check your configuration.  
2020 七月 15 17  -----=*=----- AopHandle.java : 13  -----=*=----- 执行  
2020 七月 15 17  -----=*=----- AopHandle.java : 13  -----=*=----- 执行  
2020 七月 15 17  -----=*=----- AopHandle.java : 13  -----=*=----- 执行  
2020 七月 15 17  -----=*=----- AopHandle.java : 13  -----=*=----- 执行  
2020 七月 15 17  -----=*=----- AopHandle.java : 13  -----=*=----- 执行  
2020 七月 15 17  -----=*=----- Logger.java : 44  -----=*=----- No MyBatis mapper was found in '[com.init.index]' package. Please check your configuration.  
2020 七月 15 17  -----=*=----- AopHandle.java : 13  -----=*=----- 执行  
2020 七月 15 17  -----=*=----- AopHandle.java : 13  -----=*=----- 执行  
2020 七月 15 17  -----=*=----- AopHandle.java : 13  -----=*=----- 执行  
2020 七月 15 18  -----=*=----- AopHandle.java : 13  -----=*=----- 执行  
2020 七月 15 18  -----=*=----- AopHandle.java : 13  -----=*=----- 执行  
2020 七月 15 18  -----=*=----- AopHandle.java : 13  -----=*=----- 执行  
2020 七月 15 18  -----=*=----- AopHandle.java : 13  -----=*=----- 执行  
2020 七月 15 18  -----=*=----- AopHandle.java : 13  -----=*=----- 执行  
2020 七月 15 18  -----=*=----- AopHandle.java : 13  -----=*=----- 执行  
2020 七月 15 18  -----=*=----- AopHandle.java : 13  -----=*=----- 执行  
2020 七月 15 18  -----=*=----- AopHandle.java : 13  -----=*=----- 执行  
2020 七月 15 18  -----=*=----- AopHandle.java : 13  -----=*=----- 执行  
2020 七月 15 18  -----=*=----- AopHandle.java : 13  -----=*=----- 执行  
2020 七月 15 18  -----=*=----- AopHandle.java : 13  -----=*=----- 执行  
2020 七月 15 18  -----=*=----- AopHandle.java : 13  -----=*=----- 执行  
2020 七月 15 18  -----=*=----- AopHandle.java : 13  -----=*=----- 执行  
2020 七月 15 18  -----=*=----- AopHandle.java : 13  -----=*=----- 执行  
2020 七月 15 18  -----=*=----- AopHandle.java : 13  -----=*=----- 执行  
2020 七月 15 18  -----=*=----- AopHandle.java : 13  -----=*=----- 执行  
2020 七月 15 18  -----=*=----- AopHandle.java : 13  -----=*=----- 执行  
2020 七月 15 18  -----=*=----- AopHandle.java : 13  -----=*=----- 执行  
2020 七月 15 18  -----=*=----- AopHandle.java : 13  -----=*=----- 执行  
2020 七月 15 18  -----=*=----- AopHandle.java : 13  -----=*=----- 执行  
2020 七月 15 18  -----=*=----- AopHandle.java : 13  -----=*=----- 执行  
2020 七月 15 18  -----=*=----- AopHandle.java : 13  -----=*=----- 执行  
2020 七月 15 18  -----=*=----- AopHandle.java : 13  -----=*=----- 执行  
2020 七月 15 18  -----=*=----- AopHandle.java : 13  -----=*=----- 执行  
2020 七月 15 18  -----=*=----- AopHandle.java : 13  -----=*=----- 执行  
2020 七月 15 19  -----=*=----- AopHandle.java : 13  -----=*=----- 执行  
2020 七月 15 19  -----=*=----- AopHandle.java : 13  -----=*=----- 执行  
2020 七月 15 19  -----=*=----- AopHandle.java : 13  -----=*=----- 执行  
2020 七月 15 19  -----=*=----- AopHandle.java : 13  -----=*=----- 执行  
2020 七月 15 19  -----=*=----- AopHandle.java : 13  -----=*=----- 执行  
2020 七月 15 19  -----=*=----- AopHandle.java : 13  -----=*=----- 执行  
2020 七月 15 21  -----=*=----- AopHandle.java : 13  -----=*=----- 执行  
2020 七月 15 21  -----=*=----- AopHandle.java : 13  -----=*=----- 执行  
2020 七月 15 21  -----=*=----- Logger.java : 44  -----=*=----- No MyBatis mapper was found in '[com.init.index]' package. Please check your configuration.  
2020 七月 15 21  -----=*=----- AopHandle.java : 13  -----=*=----- 执行  
2020 七月 15 21  -----=*=----- Logger.java : 44  -----=*=----- No MyBatis mapper was found in '[com.init.index]' package. Please check your configuration.  
2020 七月 15 21  -----=*=----- AopHandle.java : 13  -----=*=----- 执行  
2020 七月 15 21  -----=*=----- AopHandle.java : 13  -----=*=----- 执行  
2020 七月 15 21  -----=*=----- Logger.java : 44  -----=*=----- No MyBatis mapper was found in '[com.init.index]' package. Please check your configuration.  
2020 七月 15 21  -----=*=----- AopHandle.java : 13  -----=*=----- 执行  
2020 七月 15 21  -----=*=----- AopHandle.java : 13  -----=*=----- 执行  
2020 七月 15 21  -----=*=----- Logger.java : 44  -----=*=----- No MyBatis mapper was found in '[com.init.index]' package. Please check your configuration.  
2020 七月 15 21  -----=*=----- AopHandle.java : 13  -----=*=----- 执行  
2020 七月 15 21  -----=*=----- Logger.java : 44  -----=*=----- No MyBatis mapper was found in '[com.init.index]' package. Please check your configuration.  
2020 七月 15 21  -----=*=----- AopHandle.java : 13  -----=*=----- 执行  
2020 七月 15 21  -----=*=----- Logger.java : 44  -----=*=----- No MyBatis mapper was found in '[com.init.index]' package. Please check your configuration.  
2020 七月 15 21  -----=*=----- AopHandle.java : 13  -----=*=----- 执行  
2020 七月 15 22  -----=*=----- Logger.java : 44  -----=*=----- No MyBatis mapper was found in '[com.init.index]' package. Please check your configuration.  
2020 七月 15 22  -----=*=----- Logger.java : 44  -----=*=----- No MyBatis mapper was found in '[com.init.index]' package. Please check your configuration.  
2020 七月 15 22  -----=*=----- AopHandle.java : 13  -----=*=----- 执行  
2020 七月 15 22  -----=*=----- AopHandle.java : 13  -----=*=----- 执行  
2020 七月 15 22  -----=*=----- AopHandle.java : 13  -----=*=----- 执行  
2020 七月 15 22  -----=*=----- AopHandle.java : 13  -----=*=----- 执行  
2020 七月 15 22  -----=*=----- AopHandle.java : 13  -----=*=----- 执行  
2020 七月 15 22  -----=*=----- AopHandle.java : 13  -----=*=----- 执行  
2020 七月 15 22  -----=*=----- AopHandle.java : 13  -----=*=----- 执行  
2020 七月 15 22  -----=*=----- AopHandle.java : 13  -----=*=----- 执行  
2020 七月 15 22  -----=*=----- AopHandle.java : 13  -----=*=----- 执行  
2020 七月 15 22  -----=*=----- AopHandle.java : 13  -----=*=----- 执行  
2020 七月 15 22  -----=*=----- AopHandle.java : 13  -----=*=----- 执行  
2020 七月 15 22  -----=*=----- AopHandle.java : 13  -----=*=----- 执行  
2020 七月 15 22  -----=*=----- AopHandle.java : 13  -----=*=----- 执行  
2020 七月 15 22  -----=*=----- AopHandle.java : 13  -----=*=----- 执行  
